<?xml version="1.0" encoding="UTF-8"?>
<testsuites name="Test Quria Advanced Search" time="368" tests="6" failures="0" errors="0">
   <testsuite name="Test Quria Advanced Search" tests="6" failures="0" errors="0" time="368" timestamp="2020-04-22 17:38:12" hostname="ignacio - BIBITS-IGNACIO2.bibsent.no" id="Test Suites/Test Quria Advanced Search">
      <properties>
         <property name="deviceName" value=""/>
         <property name="devicePlatform" value=""/>
         <property name="logFolder" value="C:\\Users\\ignacio\\Katalon Studio\\KatalonQuriaTest\\Reports\\Test Quria Advanced Search\\20200422_173810"/>
         <property name="logFiles" value="C:\\Users\\ignacio\\Katalon Studio\\KatalonQuriaTest\\Reports\\Test Quria Advanced Search\\20200422_173810\\execution0.log"/>
         <property name="attachments" value=""/>
         <property name="hostName" value="ignacio - BIBITS-IGNACIO2.bibsent.no"/>
         <property name="os" value="Windows 10 64bit"/>
         <property name="katalonVersion" value="5.10.0.1"/>
         <property name="browser" value="Chrome 81.0.4044.122"/>
         <property name="hostAddress" value="10.81.1.185"/>
         <property name="sessionId" value="9b168bc8e7e0e35f296f58be36261d72"/>
         <property name="seleniumVersion" value="3.7.1"/>
         <property name="proxyInformation" value="ProxyInformation{proxyOption=NO_PROXY, proxyServerType=HTTP, password=, proxyServerAddress=, proxyServerPort=0}"/>
         <property name="platform" value="Windows 10"/>
      </properties>
      <testcase name="Test Cases/Test Advanced Search Boolean Prefix cre NOT Prefix sub" classname="Test Cases/Test Advanced Search Boolean Prefix cre NOT Prefix sub" status="PASSED">
         <system-out><![CDATA[2020-04-22 17:38:13 - [TEST_CASE][PASSED] - Test Cases/Test Advanced Search Boolean Prefix cre NOT Prefix sub: Test Cases/Test Advanced Search Boolean Prefix cre NOT Prefix sub

2020-04-22 17:38:14 - [TEST_STEP][PASSED] - callTestCase(findTestCase("Test Patron/Test Case Login"), [:], STOP_ON_FAILURE): Call Test Case 'Test Cases/Test Patron/Test Case Login' successfully

2020-04-22 17:38:14 - [TEST_CASE][PASSED] - Test Cases/Test Patron/Test Case Login: Test Cases/Test Patron/Test Case Login

2020-04-22 17:38:14 - [TEST_STEP][PASSED] - openBrowser(""): Browser is opened with url: ''

2020-04-22 17:38:15 - [MESSAGE][INFO] - Starting 'Chrome' driver

2020-04-22 17:38:15 - [MESSAGE][INFO] - Action delay is set to 1 seconds

2020-04-22 17:38:28 - [MESSAGE][PASSED] - Browser is opened with url: ''

2020-04-22 17:38:28 - [TEST_STEP][PASSED] - navigateToUrl("https://nightlyno.quriaint.axiell.com"): Navigate to 'https://nightlyno.quriaint.axiell.com' successfully

2020-04-22 17:38:29 - [MESSAGE][PASSED] - Navigate to 'https://nightlyno.quriaint.axiell.com' successfully

2020-04-22 17:38:29 - [TEST_STEP][PASSED] - click(findTestObject("Test Simple Search/Page_Axiell Quria/a_Sign in with Google")): Object: 'Object Repository/Test Simple Search/Page_Axiell Quria/a_Sign in with Google' is clicked on

2020-04-22 17:38:33 - [MESSAGE][PASSED] - Object: 'Object Repository/Test Simple Search/Page_Axiell Quria/a_Sign in with Google' is clicked on

2020-04-22 17:38:33 - [TEST_STEP][PASSED] - setText(findTestObject("Capture Object Patron/Page_Axiell Quria/input_axiell.com_identifier"), "axiell.norge.quria@gmail.com"): Text 'axiell.norge.quria@gmail.com' is set on object 'Object Repository/Capture Object Patron/Page_Axiell Quria/input_axiell.com_identifier'

2020-04-22 17:38:38 - [MESSAGE][PASSED] - Text 'axiell.norge.quria@gmail.com' is set on object 'Object Repository/Capture Object Patron/Page_Axiell Quria/input_axiell.com_identifier'

2020-04-22 17:38:38 - [TEST_STEP][PASSED] - click(findTestObject("Capture Object Patron/Page_Logg p  Google-kontoer/span_Neste")): Object: 'Object Repository/Capture Object Patron/Page_Logg p  Google-kontoer/span_Neste' is clicked on

2020-04-22 17:38:40 - [MESSAGE][PASSED] - Object: 'Object Repository/Capture Object Patron/Page_Logg p  Google-kontoer/span_Neste' is clicked on

2020-04-22 17:38:40 - [TEST_STEP][PASSED] - waitForElementVisible(findTestObject("Capture Object Patron/Page_Axiell Quria/input_Password"), 30): Object 'Object Repository/Capture Object Patron/Page_Axiell Quria/input_Password' is visible

2020-04-22 17:38:42 - [MESSAGE][PASSED] - Object 'Object Repository/Capture Object Patron/Page_Axiell Quria/input_Password' is visible

2020-04-22 17:38:42 - [TEST_STEP][PASSED] - setEncryptedText(findTestObject("Capture Object Patron/Page_Axiell Quria/input_Password"), "d097ITWPO7f2v9EptRJGCg=="): Text ****** has been set on object 'Object Repository/Capture Object Patron/Page_Axiell Quria/input_Password'

2020-04-22 17:38:46 - [MESSAGE][PASSED] - Text ****** has been set on object 'Object Repository/Capture Object Patron/Page_Axiell Quria/input_Password'

2020-04-22 17:38:46 - [TEST_STEP][PASSED] - click(findTestObject("Manual Captured Objects/Page_Logg p  Google-kontoer/div_Neste")): Object: 'Object Repository/Manual Captured Objects/Page_Logg p  Google-kontoer/div_Neste' is clicked on

2020-04-22 17:38:48 - [MESSAGE][PASSED] - Object: 'Object Repository/Manual Captured Objects/Page_Logg p  Google-kontoer/div_Neste' is clicked on

2020-04-22 17:38:48 - [MESSAGE][PASSED] - Call Test Case 'Test Cases/Test Patron/Test Case Login' successfully

2020-04-22 17:38:48 - [TEST_STEP][PASSED] - click(findTestObject("Object Repository/Test Simple Search/Page_nightlyno - Axiell Quria/md-icon")): Object: 'Object Repository/Test Simple Search/Page_nightlyno - Axiell Quria/md-icon' is clicked on

2020-04-22 17:38:55 - [MESSAGE][PASSED] - Object: 'Object Repository/Test Simple Search/Page_nightlyno - Axiell Quria/md-icon' is clicked on

2020-04-22 17:38:55 - [TEST_STEP][PASSED] - setText(findTestObject("Object Repository/Test Simple Search/Page_nightlyno - Axiell Quria/input_Abonnementer_search-inpu"), "cre:boge NOT sub:romantikk"): Text 'cre:boge NOT sub:romantikk' is set on object 'Object Repository/Test Simple Search/Page_nightlyno - Axiell Quria/input_Abonnementer_search-inpu'

2020-04-22 17:39:05 - [MESSAGE][PASSED] - Text 'cre:boge NOT sub:romantikk' is set on object 'Object Repository/Test Simple Search/Page_nightlyno - Axiell Quria/input_Abonnementer_search-inpu'

2020-04-22 17:39:05 - [TEST_STEP][PASSED] - click(findTestObject("Manual Captured Objects/Page_nightlyno - Axiell Quria/md-icon_1")): Object: 'Object Repository/Manual Captured Objects/Page_nightlyno - Axiell Quria/md-icon_1' is clicked on

2020-04-22 17:39:07 - [MESSAGE][PASSED] - Object: 'Object Repository/Manual Captured Objects/Page_nightlyno - Axiell Quria/md-icon_1' is clicked on

2020-04-22 17:39:07 - [TEST_STEP][PASSED] - click(findTestObject("test manuel objecter 2/Page_nightlyno - Axiell Quria/div_Resultater")): Object: 'Object Repository/test manuel objecter 2/Page_nightlyno - Axiell Quria/div_Resultater' is clicked on

2020-04-22 17:39:10 - [MESSAGE][PASSED] - Object: 'Object Repository/test manuel objecter 2/Page_nightlyno - Axiell Quria/div_Resultater' is clicked on

2020-04-22 17:39:10 - [TEST_STEP][PASSED] - verifyElementText(findTestObject("test manuel objecter 2/Page_nightlyno - Axiell Quria/div_Resultater"), "Resultater: 0"): Actual text and expected text of test object 'Object Repository/test manuel objecter 2/Page_nightlyno - Axiell Quria/div_Resultater' are matched.

2020-04-22 17:39:12 - [MESSAGE][PASSED] - Actual text and expected text of test object 'Object Repository/test manuel objecter 2/Page_nightlyno - Axiell Quria/div_Resultater' are matched.

2020-04-22 17:39:12 - [TEST_STEP][PASSED] - waitForPageLoad(30): Wait for page load successfully

2020-04-22 17:39:13 - [MESSAGE][PASSED] - Wait for page load successfully

2020-04-22 17:39:13 - [TEST_STEP][PASSED] - click(findTestObject("Object Repository/Test Simple Search/Page_nightlyno - Axiell Quria/md-icon_expand_more")): Object: 'Object Repository/Test Simple Search/Page_nightlyno - Axiell Quria/md-icon_expand_more' is clicked on

2020-04-22 17:39:15 - [MESSAGE][PASSED] - Object: 'Object Repository/Test Simple Search/Page_nightlyno - Axiell Quria/md-icon_expand_more' is clicked on

2020-04-22 17:39:15 - [TEST_STEP][PASSED] - waitForElementVisible(findTestObject("Test Simple Search/Page_nightlyno - Axiell Quria/a_exit_to_appLogg av"), 30): Object 'Object Repository/Test Simple Search/Page_nightlyno - Axiell Quria/a_exit_to_appLogg av' is visible

2020-04-22 17:39:17 - [MESSAGE][PASSED] - Object 'Object Repository/Test Simple Search/Page_nightlyno - Axiell Quria/a_exit_to_appLogg av' is visible

2020-04-22 17:39:17 - [TEST_STEP][PASSED] - click(findTestObject("Object Repository/Test Simple Search/Page_nightlyno - Axiell Quria/a_exit_to_appLogg av")): Object: 'Object Repository/Test Simple Search/Page_nightlyno - Axiell Quria/a_exit_to_appLogg av' is clicked on

2020-04-22 17:39:19 - [MESSAGE][PASSED] - Object: 'Object Repository/Test Simple Search/Page_nightlyno - Axiell Quria/a_exit_to_appLogg av' is clicked on

2020-04-22 17:39:19 - [TEST_STEP][PASSED] - closeBrowser(): Browser is closed

2020-04-22 17:39:21 - [MESSAGE][PASSED] - Browser is closed]]></system-out>
         <system-err><![CDATA[]]></system-err>
      </testcase>
      <testcase name="Test Cases/Test Advanced Search Boolean Prefix cre" classname="Test Cases/Test Advanced Search Boolean Prefix cre" status="PASSED">
         <system-out><![CDATA[2020-04-22 17:39:21 - [TEST_CASE][PASSED] - Test Cases/Test Advanced Search Boolean Prefix cre: Test Cases/Test Advanced Search Boolean Prefix cre

2020-04-22 17:39:21 - [TEST_STEP][PASSED] - callTestCase(findTestCase("Test Patron/Test Case Login"), [:], STOP_ON_FAILURE): Call Test Case 'Test Cases/Test Patron/Test Case Login' successfully

2020-04-22 17:39:21 - [TEST_CASE][PASSED] - Test Cases/Test Patron/Test Case Login: Test Cases/Test Patron/Test Case Login

2020-04-22 17:39:21 - [TEST_STEP][PASSED] - openBrowser(""): Browser is opened with url: ''

2020-04-22 17:39:21 - [MESSAGE][INFO] - Starting 'Chrome' driver

2020-04-22 17:39:29 - [MESSAGE][PASSED] - Browser is opened with url: ''

2020-04-22 17:39:29 - [TEST_STEP][PASSED] - navigateToUrl("https://nightlyno.quriaint.axiell.com"): Navigate to 'https://nightlyno.quriaint.axiell.com' successfully

2020-04-22 17:39:31 - [MESSAGE][PASSED] - Navigate to 'https://nightlyno.quriaint.axiell.com' successfully

2020-04-22 17:39:31 - [TEST_STEP][PASSED] - click(findTestObject("Test Simple Search/Page_Axiell Quria/a_Sign in with Google")): Object: 'Object Repository/Test Simple Search/Page_Axiell Quria/a_Sign in with Google' is clicked on

2020-04-22 17:39:37 - [MESSAGE][PASSED] - Object: 'Object Repository/Test Simple Search/Page_Axiell Quria/a_Sign in with Google' is clicked on

2020-04-22 17:39:37 - [TEST_STEP][PASSED] - setText(findTestObject("Capture Object Patron/Page_Axiell Quria/input_axiell.com_identifier"), "axiell.norge.quria@gmail.com"): Text 'axiell.norge.quria@gmail.com' is set on object 'Object Repository/Capture Object Patron/Page_Axiell Quria/input_axiell.com_identifier'

2020-04-22 17:39:41 - [MESSAGE][PASSED] - Text 'axiell.norge.quria@gmail.com' is set on object 'Object Repository/Capture Object Patron/Page_Axiell Quria/input_axiell.com_identifier'

2020-04-22 17:39:41 - [TEST_STEP][PASSED] - click(findTestObject("Capture Object Patron/Page_Logg p  Google-kontoer/span_Neste")): Object: 'Object Repository/Capture Object Patron/Page_Logg p  Google-kontoer/span_Neste' is clicked on

2020-04-22 17:39:44 - [MESSAGE][PASSED] - Object: 'Object Repository/Capture Object Patron/Page_Logg p  Google-kontoer/span_Neste' is clicked on

2020-04-22 17:39:44 - [TEST_STEP][PASSED] - waitForElementVisible(findTestObject("Capture Object Patron/Page_Axiell Quria/input_Password"), 30): Object 'Object Repository/Capture Object Patron/Page_Axiell Quria/input_Password' is visible

2020-04-22 17:39:46 - [MESSAGE][PASSED] - Object 'Object Repository/Capture Object Patron/Page_Axiell Quria/input_Password' is visible

2020-04-22 17:39:46 - [TEST_STEP][PASSED] - setEncryptedText(findTestObject("Capture Object Patron/Page_Axiell Quria/input_Password"), "d097ITWPO7f2v9EptRJGCg=="): Text ****** has been set on object 'Object Repository/Capture Object Patron/Page_Axiell Quria/input_Password'

2020-04-22 17:39:49 - [MESSAGE][PASSED] - Text ****** has been set on object 'Object Repository/Capture Object Patron/Page_Axiell Quria/input_Password'

2020-04-22 17:39:49 - [TEST_STEP][PASSED] - click(findTestObject("Manual Captured Objects/Page_Logg p  Google-kontoer/div_Neste")): Object: 'Object Repository/Manual Captured Objects/Page_Logg p  Google-kontoer/div_Neste' is clicked on

2020-04-22 17:39:51 - [MESSAGE][PASSED] - Object: 'Object Repository/Manual Captured Objects/Page_Logg p  Google-kontoer/div_Neste' is clicked on

2020-04-22 17:39:51 - [MESSAGE][PASSED] - Call Test Case 'Test Cases/Test Patron/Test Case Login' successfully

2020-04-22 17:39:51 - [TEST_STEP][PASSED] - click(findTestObject("Object Repository/Test Simple Search/Page_nightlyno - Axiell Quria/md-icon")): Object: 'Object Repository/Test Simple Search/Page_nightlyno - Axiell Quria/md-icon' is clicked on

2020-04-22 17:40:07 - [MESSAGE][PASSED] - Object: 'Object Repository/Test Simple Search/Page_nightlyno - Axiell Quria/md-icon' is clicked on

2020-04-22 17:40:07 - [TEST_STEP][PASSED] - setText(findTestObject("Object Repository/Test Simple Search/Page_nightlyno - Axiell Quria/input_Abonnementer_search-inpu"), "Cre:boge"): Text 'Cre:boge' is set on object 'Object Repository/Test Simple Search/Page_nightlyno - Axiell Quria/input_Abonnementer_search-inpu'

2020-04-22 17:40:11 - [MESSAGE][PASSED] - Text 'Cre:boge' is set on object 'Object Repository/Test Simple Search/Page_nightlyno - Axiell Quria/input_Abonnementer_search-inpu'

2020-04-22 17:40:11 - [TEST_STEP][PASSED] - click(findTestObject("test manuel objecter 2/Page_nightlyno - Axiell Quria/md-icon_1")): Object: 'Object Repository/test manuel objecter 2/Page_nightlyno - Axiell Quria/md-icon_1' is clicked on

2020-04-22 17:40:14 - [MESSAGE][PASSED] - Object: 'Object Repository/test manuel objecter 2/Page_nightlyno - Axiell Quria/md-icon_1' is clicked on

2020-04-22 17:40:14 - [TEST_STEP][PASSED] - click(findTestObject("test manuel objecter 2/Page_nightlyno - Axiell Quria/div_Resultater")): Object: 'Object Repository/test manuel objecter 2/Page_nightlyno - Axiell Quria/div_Resultater' is clicked on

2020-04-22 17:40:16 - [MESSAGE][PASSED] - Object: 'Object Repository/test manuel objecter 2/Page_nightlyno - Axiell Quria/div_Resultater' is clicked on

2020-04-22 17:40:16 - [TEST_STEP][PASSED] - verifyElementText(findTestObject("test manuel objecter 2/Page_nightlyno - Axiell Quria/div_Resultater"), "Resultater: 54"): Actual text and expected text of test object 'Object Repository/test manuel objecter 2/Page_nightlyno - Axiell Quria/div_Resultater' are matched.

2020-04-22 17:40:18 - [MESSAGE][PASSED] - Actual text and expected text of test object 'Object Repository/test manuel objecter 2/Page_nightlyno - Axiell Quria/div_Resultater' are matched.

2020-04-22 17:40:18 - [TEST_STEP][PASSED] - click(findTestObject("Object Repository/test manuel objecter 2/Page_nightlyno - Axiell Quria/md-icon_expand_more")): Object: 'Object Repository/test manuel objecter 2/Page_nightlyno - Axiell Quria/md-icon_expand_more' is clicked on

2020-04-22 17:40:20 - [MESSAGE][PASSED] - Object: 'Object Repository/test manuel objecter 2/Page_nightlyno - Axiell Quria/md-icon_expand_more' is clicked on

2020-04-22 17:40:20 - [TEST_STEP][PASSED] - click(findTestObject("Object Repository/test manuel objecter 2/Page_nightlyno - Axiell Quria/a_exit_to_appLogg av")): Object: 'Object Repository/test manuel objecter 2/Page_nightlyno - Axiell Quria/a_exit_to_appLogg av' is clicked on

2020-04-22 17:40:22 - [MESSAGE][PASSED] - Object: 'Object Repository/test manuel objecter 2/Page_nightlyno - Axiell Quria/a_exit_to_appLogg av' is clicked on

2020-04-22 17:40:22 - [TEST_STEP][PASSED] - closeBrowser(): Browser is closed

2020-04-22 17:40:24 - [MESSAGE][PASSED] - Browser is closed]]></system-out>
         <system-err><![CDATA[]]></system-err>
      </testcase>
      <testcase name="Test Cases/Test Advanced Search Boolean Prefix sub AND Prefix cre" classname="Test Cases/Test Advanced Search Boolean Prefix sub AND Prefix cre" status="PASSED">
         <system-out><![CDATA[2020-04-22 17:40:24 - [TEST_CASE][PASSED] - Test Cases/Test Advanced Search Boolean Prefix sub AND Prefix cre: Test Cases/Test Advanced Search Boolean Prefix sub AND Prefix cre

2020-04-22 17:40:25 - [TEST_STEP][PASSED] - callTestCase(findTestCase("Test Patron/Test Case Login"), [:], STOP_ON_FAILURE): Call Test Case 'Test Cases/Test Patron/Test Case Login' successfully

2020-04-22 17:40:25 - [TEST_CASE][PASSED] - Test Cases/Test Patron/Test Case Login: Test Cases/Test Patron/Test Case Login

2020-04-22 17:40:25 - [TEST_STEP][PASSED] - openBrowser(""): Browser is opened with url: ''

2020-04-22 17:40:25 - [MESSAGE][INFO] - Starting 'Chrome' driver

2020-04-22 17:40:33 - [MESSAGE][PASSED] - Browser is opened with url: ''

2020-04-22 17:40:33 - [TEST_STEP][PASSED] - navigateToUrl("https://nightlyno.quriaint.axiell.com"): Navigate to 'https://nightlyno.quriaint.axiell.com' successfully

2020-04-22 17:40:35 - [MESSAGE][PASSED] - Navigate to 'https://nightlyno.quriaint.axiell.com' successfully

2020-04-22 17:40:35 - [TEST_STEP][PASSED] - click(findTestObject("Test Simple Search/Page_Axiell Quria/a_Sign in with Google")): Object: 'Object Repository/Test Simple Search/Page_Axiell Quria/a_Sign in with Google' is clicked on

2020-04-22 17:40:39 - [MESSAGE][PASSED] - Object: 'Object Repository/Test Simple Search/Page_Axiell Quria/a_Sign in with Google' is clicked on

2020-04-22 17:40:39 - [TEST_STEP][PASSED] - setText(findTestObject("Capture Object Patron/Page_Axiell Quria/input_axiell.com_identifier"), "axiell.norge.quria@gmail.com"): Text 'axiell.norge.quria@gmail.com' is set on object 'Object Repository/Capture Object Patron/Page_Axiell Quria/input_axiell.com_identifier'

2020-04-22 17:40:43 - [MESSAGE][PASSED] - Text 'axiell.norge.quria@gmail.com' is set on object 'Object Repository/Capture Object Patron/Page_Axiell Quria/input_axiell.com_identifier'

2020-04-22 17:40:43 - [TEST_STEP][PASSED] - click(findTestObject("Capture Object Patron/Page_Logg p  Google-kontoer/span_Neste")): Object: 'Object Repository/Capture Object Patron/Page_Logg p  Google-kontoer/span_Neste' is clicked on

2020-04-22 17:40:45 - [MESSAGE][PASSED] - Object: 'Object Repository/Capture Object Patron/Page_Logg p  Google-kontoer/span_Neste' is clicked on

2020-04-22 17:40:45 - [TEST_STEP][PASSED] - waitForElementVisible(findTestObject("Capture Object Patron/Page_Axiell Quria/input_Password"), 30): Object 'Object Repository/Capture Object Patron/Page_Axiell Quria/input_Password' is visible

2020-04-22 17:40:47 - [MESSAGE][PASSED] - Object 'Object Repository/Capture Object Patron/Page_Axiell Quria/input_Password' is visible

2020-04-22 17:40:47 - [TEST_STEP][PASSED] - setEncryptedText(findTestObject("Capture Object Patron/Page_Axiell Quria/input_Password"), "d097ITWPO7f2v9EptRJGCg=="): Text ****** has been set on object 'Object Repository/Capture Object Patron/Page_Axiell Quria/input_Password'

2020-04-22 17:40:51 - [MESSAGE][PASSED] - Text ****** has been set on object 'Object Repository/Capture Object Patron/Page_Axiell Quria/input_Password'

2020-04-22 17:40:51 - [TEST_STEP][PASSED] - click(findTestObject("Manual Captured Objects/Page_Logg p  Google-kontoer/div_Neste")): Object: 'Object Repository/Manual Captured Objects/Page_Logg p  Google-kontoer/div_Neste' is clicked on

2020-04-22 17:40:53 - [MESSAGE][PASSED] - Object: 'Object Repository/Manual Captured Objects/Page_Logg p  Google-kontoer/div_Neste' is clicked on

2020-04-22 17:40:53 - [MESSAGE][PASSED] - Call Test Case 'Test Cases/Test Patron/Test Case Login' successfully

2020-04-22 17:40:53 - [TEST_STEP][PASSED] - click(findTestObject("Object Repository/Test Simple Search/Page_nightlyno - Axiell Quria/md-icon")): Object: 'Object Repository/Test Simple Search/Page_nightlyno - Axiell Quria/md-icon' is clicked on

2020-04-22 17:40:59 - [MESSAGE][PASSED] - Object: 'Object Repository/Test Simple Search/Page_nightlyno - Axiell Quria/md-icon' is clicked on

2020-04-22 17:40:59 - [TEST_STEP][PASSED] - setText(findTestObject("Object Repository/Test Simple Search/Page_nightlyno - Axiell Quria/input_Abonnementer_search-inpu"), "sub:romantikk AND cre:boge"): Text 'sub:romantikk AND cre:boge' is set on object 'Object Repository/Test Simple Search/Page_nightlyno - Axiell Quria/input_Abonnementer_search-inpu'

2020-04-22 17:41:10 - [MESSAGE][PASSED] - Text 'sub:romantikk AND cre:boge' is set on object 'Object Repository/Test Simple Search/Page_nightlyno - Axiell Quria/input_Abonnementer_search-inpu'

2020-04-22 17:41:10 - [TEST_STEP][PASSED] - click(findTestObject("test manuel objecter 2/Page_nightlyno - Axiell Quria/md-icon_1")): Object: 'Object Repository/test manuel objecter 2/Page_nightlyno - Axiell Quria/md-icon_1' is clicked on

2020-04-22 17:41:12 - [MESSAGE][PASSED] - Object: 'Object Repository/test manuel objecter 2/Page_nightlyno - Axiell Quria/md-icon_1' is clicked on

2020-04-22 17:41:12 - [TEST_STEP][PASSED] - click(findTestObject("test manuel objecter 2/Page_nightlyno - Axiell Quria/div_Resultater")): Object: 'Object Repository/test manuel objecter 2/Page_nightlyno - Axiell Quria/div_Resultater' is clicked on

2020-04-22 17:41:14 - [MESSAGE][PASSED] - Object: 'Object Repository/test manuel objecter 2/Page_nightlyno - Axiell Quria/div_Resultater' is clicked on

2020-04-22 17:41:14 - [TEST_STEP][PASSED] - verifyElementText(findTestObject("test manuel objecter 2/Page_nightlyno - Axiell Quria/div_Resultater"), "Resultater: 54"): Actual text and expected text of test object 'Object Repository/test manuel objecter 2/Page_nightlyno - Axiell Quria/div_Resultater' are matched.

2020-04-22 17:41:16 - [MESSAGE][PASSED] - Actual text and expected text of test object 'Object Repository/test manuel objecter 2/Page_nightlyno - Axiell Quria/div_Resultater' are matched.

2020-04-22 17:41:16 - [TEST_STEP][PASSED] - click(findTestObject("Object Repository/test manuel objecter 2/Page_nightlyno - Axiell Quria/md-icon_expand_more")): Object: 'Object Repository/test manuel objecter 2/Page_nightlyno - Axiell Quria/md-icon_expand_more' is clicked on

2020-04-22 17:41:18 - [MESSAGE][PASSED] - Object: 'Object Repository/test manuel objecter 2/Page_nightlyno - Axiell Quria/md-icon_expand_more' is clicked on

2020-04-22 17:41:18 - [TEST_STEP][PASSED] - click(findTestObject("Object Repository/test manuel objecter 2/Page_nightlyno - Axiell Quria/a_exit_to_appLogg av")): Object: 'Object Repository/test manuel objecter 2/Page_nightlyno - Axiell Quria/a_exit_to_appLogg av' is clicked on

2020-04-22 17:41:20 - [MESSAGE][PASSED] - Object: 'Object Repository/test manuel objecter 2/Page_nightlyno - Axiell Quria/a_exit_to_appLogg av' is clicked on

2020-04-22 17:41:20 - [TEST_STEP][PASSED] - closeBrowser(): Browser is closed

2020-04-22 17:41:22 - [MESSAGE][PASSED] - Browser is closed]]></system-out>
         <system-err><![CDATA[]]></system-err>
      </testcase>
      <testcase name="Test Cases/Test Advanced Search Boolean Prefix sub NOT Prefix cre" classname="Test Cases/Test Advanced Search Boolean Prefix sub NOT Prefix cre" status="PASSED">
         <system-out><![CDATA[2020-04-22 17:41:22 - [TEST_CASE][PASSED] - Test Cases/Test Advanced Search Boolean Prefix sub NOT Prefix cre: Test Cases/Test Advanced Search Boolean Prefix sub NOT Prefix cre

2020-04-22 17:41:22 - [TEST_STEP][PASSED] - callTestCase(findTestCase("Test Patron/Test Case Login"), [:], STOP_ON_FAILURE): Call Test Case 'Test Cases/Test Patron/Test Case Login' successfully

2020-04-22 17:41:22 - [TEST_CASE][PASSED] - Test Cases/Test Patron/Test Case Login: Test Cases/Test Patron/Test Case Login

2020-04-22 17:41:22 - [TEST_STEP][PASSED] - openBrowser(""): Browser is opened with url: ''

2020-04-22 17:41:22 - [MESSAGE][INFO] - Starting 'Chrome' driver

2020-04-22 17:41:30 - [MESSAGE][PASSED] - Browser is opened with url: ''

2020-04-22 17:41:30 - [TEST_STEP][PASSED] - navigateToUrl("https://nightlyno.quriaint.axiell.com"): Navigate to 'https://nightlyno.quriaint.axiell.com' successfully

2020-04-22 17:41:32 - [MESSAGE][PASSED] - Navigate to 'https://nightlyno.quriaint.axiell.com' successfully

2020-04-22 17:41:32 - [TEST_STEP][PASSED] - click(findTestObject("Test Simple Search/Page_Axiell Quria/a_Sign in with Google")): Object: 'Object Repository/Test Simple Search/Page_Axiell Quria/a_Sign in with Google' is clicked on

2020-04-22 17:41:36 - [MESSAGE][PASSED] - Object: 'Object Repository/Test Simple Search/Page_Axiell Quria/a_Sign in with Google' is clicked on

2020-04-22 17:41:36 - [TEST_STEP][PASSED] - setText(findTestObject("Capture Object Patron/Page_Axiell Quria/input_axiell.com_identifier"), "axiell.norge.quria@gmail.com"): Text 'axiell.norge.quria@gmail.com' is set on object 'Object Repository/Capture Object Patron/Page_Axiell Quria/input_axiell.com_identifier'

2020-04-22 17:41:40 - [MESSAGE][PASSED] - Text 'axiell.norge.quria@gmail.com' is set on object 'Object Repository/Capture Object Patron/Page_Axiell Quria/input_axiell.com_identifier'

2020-04-22 17:41:40 - [TEST_STEP][PASSED] - click(findTestObject("Capture Object Patron/Page_Logg p  Google-kontoer/span_Neste")): Object: 'Object Repository/Capture Object Patron/Page_Logg p  Google-kontoer/span_Neste' is clicked on

2020-04-22 17:41:42 - [MESSAGE][PASSED] - Object: 'Object Repository/Capture Object Patron/Page_Logg p  Google-kontoer/span_Neste' is clicked on

2020-04-22 17:41:42 - [TEST_STEP][PASSED] - waitForElementVisible(findTestObject("Capture Object Patron/Page_Axiell Quria/input_Password"), 30): Object 'Object Repository/Capture Object Patron/Page_Axiell Quria/input_Password' is visible

2020-04-22 17:41:45 - [MESSAGE][PASSED] - Object 'Object Repository/Capture Object Patron/Page_Axiell Quria/input_Password' is visible

2020-04-22 17:41:45 - [TEST_STEP][PASSED] - setEncryptedText(findTestObject("Capture Object Patron/Page_Axiell Quria/input_Password"), "d097ITWPO7f2v9EptRJGCg=="): Text ****** has been set on object 'Object Repository/Capture Object Patron/Page_Axiell Quria/input_Password'

2020-04-22 17:41:48 - [MESSAGE][PASSED] - Text ****** has been set on object 'Object Repository/Capture Object Patron/Page_Axiell Quria/input_Password'

2020-04-22 17:41:48 - [TEST_STEP][PASSED] - click(findTestObject("Manual Captured Objects/Page_Logg p  Google-kontoer/div_Neste")): Object: 'Object Repository/Manual Captured Objects/Page_Logg p  Google-kontoer/div_Neste' is clicked on

2020-04-22 17:41:50 - [MESSAGE][PASSED] - Object: 'Object Repository/Manual Captured Objects/Page_Logg p  Google-kontoer/div_Neste' is clicked on

2020-04-22 17:41:50 - [MESSAGE][PASSED] - Call Test Case 'Test Cases/Test Patron/Test Case Login' successfully

2020-04-22 17:41:50 - [TEST_STEP][PASSED] - click(findTestObject("Object Repository/Test Simple Search/Page_nightlyno - Axiell Quria/md-icon")): Object: 'Object Repository/Test Simple Search/Page_nightlyno - Axiell Quria/md-icon' is clicked on

2020-04-22 17:42:07 - [MESSAGE][PASSED] - Object: 'Object Repository/Test Simple Search/Page_nightlyno - Axiell Quria/md-icon' is clicked on

2020-04-22 17:42:07 - [TEST_STEP][PASSED] - setText(findTestObject("Object Repository/Test Simple Search/Page_nightlyno - Axiell Quria/input_Abonnementer_search-inpu"), "sub:romantikk NOT cre:boge"): Text 'sub:romantikk NOT cre:boge' is set on object 'Object Repository/Test Simple Search/Page_nightlyno - Axiell Quria/input_Abonnementer_search-inpu'

2020-04-22 17:42:12 - [MESSAGE][PASSED] - Text 'sub:romantikk NOT cre:boge' is set on object 'Object Repository/Test Simple Search/Page_nightlyno - Axiell Quria/input_Abonnementer_search-inpu'

2020-04-22 17:42:12 - [TEST_STEP][PASSED] - click(findTestObject("test manuel objecter 2/Page_nightlyno - Axiell Quria/md-icon_1")): Object: 'Object Repository/test manuel objecter 2/Page_nightlyno - Axiell Quria/md-icon_1' is clicked on

2020-04-22 17:42:14 - [MESSAGE][PASSED] - Object: 'Object Repository/test manuel objecter 2/Page_nightlyno - Axiell Quria/md-icon_1' is clicked on

2020-04-22 17:42:14 - [TEST_STEP][PASSED] - click(findTestObject("test manuel objecter 2/Page_nightlyno - Axiell Quria/div_Resultater")): Object: 'Object Repository/test manuel objecter 2/Page_nightlyno - Axiell Quria/div_Resultater' is clicked on

2020-04-22 17:42:16 - [MESSAGE][PASSED] - Object: 'Object Repository/test manuel objecter 2/Page_nightlyno - Axiell Quria/div_Resultater' is clicked on

2020-04-22 17:42:16 - [TEST_STEP][PASSED] - verifyElementText(findTestObject("test manuel objecter 2/Page_nightlyno - Axiell Quria/div_Resultater"), "Resultater: 484"): Actual text and expected text of test object 'Object Repository/test manuel objecter 2/Page_nightlyno - Axiell Quria/div_Resultater' are matched.

2020-04-22 17:42:18 - [MESSAGE][PASSED] - Actual text and expected text of test object 'Object Repository/test manuel objecter 2/Page_nightlyno - Axiell Quria/div_Resultater' are matched.

2020-04-22 17:42:18 - [TEST_STEP][PASSED] - click(findTestObject("Object Repository/test manuel objecter 2/Page_nightlyno - Axiell Quria/md-icon_expand_more")): Object: 'Object Repository/test manuel objecter 2/Page_nightlyno - Axiell Quria/md-icon_expand_more' is clicked on

2020-04-22 17:42:20 - [MESSAGE][PASSED] - Object: 'Object Repository/test manuel objecter 2/Page_nightlyno - Axiell Quria/md-icon_expand_more' is clicked on

2020-04-22 17:42:20 - [TEST_STEP][PASSED] - click(findTestObject("Object Repository/test manuel objecter 2/Page_nightlyno - Axiell Quria/a_exit_to_appLogg av")): Object: 'Object Repository/test manuel objecter 2/Page_nightlyno - Axiell Quria/a_exit_to_appLogg av' is clicked on

2020-04-22 17:42:22 - [MESSAGE][PASSED] - Object: 'Object Repository/test manuel objecter 2/Page_nightlyno - Axiell Quria/a_exit_to_appLogg av' is clicked on

2020-04-22 17:42:22 - [TEST_STEP][PASSED] - closeBrowser(): Browser is closed

2020-04-22 17:42:24 - [MESSAGE][PASSED] - Browser is closed]]></system-out>
         <system-err><![CDATA[]]></system-err>
      </testcase>
      <testcase name="Test Cases/Test Advanced Search Boolean Prefix sub OR Prefix cre" classname="Test Cases/Test Advanced Search Boolean Prefix sub OR Prefix cre" status="PASSED">
         <system-out><![CDATA[2020-04-22 17:42:24 - [TEST_CASE][PASSED] - Test Cases/Test Advanced Search Boolean Prefix sub OR Prefix cre: Test Cases/Test Advanced Search Boolean Prefix sub OR Prefix cre

2020-04-22 17:42:24 - [TEST_STEP][PASSED] - callTestCase(findTestCase("Test Patron/Test Case Login"), [:], STOP_ON_FAILURE): Call Test Case 'Test Cases/Test Patron/Test Case Login' successfully

2020-04-22 17:42:24 - [TEST_CASE][PASSED] - Test Cases/Test Patron/Test Case Login: Test Cases/Test Patron/Test Case Login

2020-04-22 17:42:24 - [TEST_STEP][PASSED] - openBrowser(""): Browser is opened with url: ''

2020-04-22 17:42:24 - [MESSAGE][INFO] - Starting 'Chrome' driver

2020-04-22 17:42:33 - [MESSAGE][PASSED] - Browser is opened with url: ''

2020-04-22 17:42:33 - [TEST_STEP][PASSED] - navigateToUrl("https://nightlyno.quriaint.axiell.com"): Navigate to 'https://nightlyno.quriaint.axiell.com' successfully

2020-04-22 17:42:35 - [MESSAGE][PASSED] - Navigate to 'https://nightlyno.quriaint.axiell.com' successfully

2020-04-22 17:42:35 - [TEST_STEP][PASSED] - click(findTestObject("Test Simple Search/Page_Axiell Quria/a_Sign in with Google")): Object: 'Object Repository/Test Simple Search/Page_Axiell Quria/a_Sign in with Google' is clicked on

2020-04-22 17:42:39 - [MESSAGE][PASSED] - Object: 'Object Repository/Test Simple Search/Page_Axiell Quria/a_Sign in with Google' is clicked on

2020-04-22 17:42:39 - [TEST_STEP][PASSED] - setText(findTestObject("Capture Object Patron/Page_Axiell Quria/input_axiell.com_identifier"), "axiell.norge.quria@gmail.com"): Text 'axiell.norge.quria@gmail.com' is set on object 'Object Repository/Capture Object Patron/Page_Axiell Quria/input_axiell.com_identifier'

2020-04-22 17:42:43 - [MESSAGE][PASSED] - Text 'axiell.norge.quria@gmail.com' is set on object 'Object Repository/Capture Object Patron/Page_Axiell Quria/input_axiell.com_identifier'

2020-04-22 17:42:43 - [TEST_STEP][PASSED] - click(findTestObject("Capture Object Patron/Page_Logg p  Google-kontoer/span_Neste")): Object: 'Object Repository/Capture Object Patron/Page_Logg p  Google-kontoer/span_Neste' is clicked on

2020-04-22 17:42:46 - [MESSAGE][PASSED] - Object: 'Object Repository/Capture Object Patron/Page_Logg p  Google-kontoer/span_Neste' is clicked on

2020-04-22 17:42:46 - [TEST_STEP][PASSED] - waitForElementVisible(findTestObject("Capture Object Patron/Page_Axiell Quria/input_Password"), 30): Object 'Object Repository/Capture Object Patron/Page_Axiell Quria/input_Password' is visible

2020-04-22 17:42:48 - [MESSAGE][PASSED] - Object 'Object Repository/Capture Object Patron/Page_Axiell Quria/input_Password' is visible

2020-04-22 17:42:48 - [TEST_STEP][PASSED] - setEncryptedText(findTestObject("Capture Object Patron/Page_Axiell Quria/input_Password"), "d097ITWPO7f2v9EptRJGCg=="): Text ****** has been set on object 'Object Repository/Capture Object Patron/Page_Axiell Quria/input_Password'

2020-04-22 17:42:51 - [MESSAGE][PASSED] - Text ****** has been set on object 'Object Repository/Capture Object Patron/Page_Axiell Quria/input_Password'

2020-04-22 17:42:51 - [TEST_STEP][PASSED] - click(findTestObject("Manual Captured Objects/Page_Logg p  Google-kontoer/div_Neste")): Object: 'Object Repository/Manual Captured Objects/Page_Logg p  Google-kontoer/div_Neste' is clicked on

2020-04-22 17:42:53 - [MESSAGE][PASSED] - Object: 'Object Repository/Manual Captured Objects/Page_Logg p  Google-kontoer/div_Neste' is clicked on

2020-04-22 17:42:53 - [MESSAGE][PASSED] - Call Test Case 'Test Cases/Test Patron/Test Case Login' successfully

2020-04-22 17:42:53 - [TEST_STEP][PASSED] - click(findTestObject("Object Repository/Test Simple Search/Page_nightlyno - Axiell Quria/md-icon")): Object: 'Object Repository/Test Simple Search/Page_nightlyno - Axiell Quria/md-icon' is clicked on

2020-04-22 17:43:00 - [MESSAGE][PASSED] - Object: 'Object Repository/Test Simple Search/Page_nightlyno - Axiell Quria/md-icon' is clicked on

2020-04-22 17:43:00 - [TEST_STEP][PASSED] - setText(findTestObject("Object Repository/Test Simple Search/Page_nightlyno - Axiell Quria/input_Abonnementer_search-inpu"), "sub:romantikk OR cre:boge"): Text 'sub:romantikk OR cre:boge' is set on object 'Object Repository/Test Simple Search/Page_nightlyno - Axiell Quria/input_Abonnementer_search-inpu'

2020-04-22 17:43:12 - [MESSAGE][PASSED] - Text 'sub:romantikk OR cre:boge' is set on object 'Object Repository/Test Simple Search/Page_nightlyno - Axiell Quria/input_Abonnementer_search-inpu'

2020-04-22 17:43:12 - [TEST_STEP][PASSED] - click(findTestObject("test manuel objecter 2/Page_nightlyno - Axiell Quria/md-icon_1")): Object: 'Object Repository/test manuel objecter 2/Page_nightlyno - Axiell Quria/md-icon_1' is clicked on

2020-04-22 17:43:14 - [MESSAGE][PASSED] - Object: 'Object Repository/test manuel objecter 2/Page_nightlyno - Axiell Quria/md-icon_1' is clicked on

2020-04-22 17:43:14 - [TEST_STEP][PASSED] - click(findTestObject("test manuel objecter 2/Page_nightlyno - Axiell Quria/div_Resultater")): Object: 'Object Repository/test manuel objecter 2/Page_nightlyno - Axiell Quria/div_Resultater' is clicked on

2020-04-22 17:43:16 - [MESSAGE][PASSED] - Object: 'Object Repository/test manuel objecter 2/Page_nightlyno - Axiell Quria/div_Resultater' is clicked on

2020-04-22 17:43:16 - [TEST_STEP][PASSED] - verifyElementText(findTestObject("test manuel objecter 2/Page_nightlyno - Axiell Quria/div_Resultater"), "Resultater: 538"): Actual text and expected text of test object 'Object Repository/test manuel objecter 2/Page_nightlyno - Axiell Quria/div_Resultater' are matched.

2020-04-22 17:43:18 - [MESSAGE][PASSED] - Actual text and expected text of test object 'Object Repository/test manuel objecter 2/Page_nightlyno - Axiell Quria/div_Resultater' are matched.

2020-04-22 17:43:18 - [TEST_STEP][PASSED] - click(findTestObject("Object Repository/test manuel objecter 2/Page_nightlyno - Axiell Quria/md-icon_expand_more")): Object: 'Object Repository/test manuel objecter 2/Page_nightlyno - Axiell Quria/md-icon_expand_more' is clicked on

2020-04-22 17:43:21 - [MESSAGE][PASSED] - Object: 'Object Repository/test manuel objecter 2/Page_nightlyno - Axiell Quria/md-icon_expand_more' is clicked on

2020-04-22 17:43:21 - [TEST_STEP][PASSED] - click(findTestObject("Object Repository/test manuel objecter 2/Page_nightlyno - Axiell Quria/a_exit_to_appLogg av")): Object: 'Object Repository/test manuel objecter 2/Page_nightlyno - Axiell Quria/a_exit_to_appLogg av' is clicked on

2020-04-22 17:43:23 - [MESSAGE][PASSED] - Object: 'Object Repository/test manuel objecter 2/Page_nightlyno - Axiell Quria/a_exit_to_appLogg av' is clicked on

2020-04-22 17:43:23 - [TEST_STEP][PASSED] - closeBrowser(): Browser is closed

2020-04-22 17:43:25 - [MESSAGE][PASSED] - Browser is closed]]></system-out>
         <system-err><![CDATA[]]></system-err>
      </testcase>
      <testcase name="Test Cases/Test Advanced Search Boolean Prefix sub" classname="Test Cases/Test Advanced Search Boolean Prefix sub" status="PASSED">
         <system-out><![CDATA[2020-04-22 17:43:25 - [TEST_CASE][PASSED] - Test Cases/Test Advanced Search Boolean Prefix sub: Test Cases/Test Advanced Search Boolean Prefix sub

2020-04-22 17:43:25 - [TEST_STEP][PASSED] - callTestCase(findTestCase("Test Patron/Test Case Login"), [:], STOP_ON_FAILURE): Call Test Case 'Test Cases/Test Patron/Test Case Login' successfully

2020-04-22 17:43:25 - [TEST_CASE][PASSED] - Test Cases/Test Patron/Test Case Login: Test Cases/Test Patron/Test Case Login

2020-04-22 17:43:25 - [TEST_STEP][PASSED] - openBrowser(""): Browser is opened with url: ''

2020-04-22 17:43:25 - [MESSAGE][INFO] - Starting 'Chrome' driver

2020-04-22 17:43:33 - [MESSAGE][PASSED] - Browser is opened with url: ''

2020-04-22 17:43:33 - [TEST_STEP][PASSED] - navigateToUrl("https://nightlyno.quriaint.axiell.com"): Navigate to 'https://nightlyno.quriaint.axiell.com' successfully

2020-04-22 17:43:34 - [MESSAGE][PASSED] - Navigate to 'https://nightlyno.quriaint.axiell.com' successfully

2020-04-22 17:43:34 - [TEST_STEP][PASSED] - click(findTestObject("Test Simple Search/Page_Axiell Quria/a_Sign in with Google")): Object: 'Object Repository/Test Simple Search/Page_Axiell Quria/a_Sign in with Google' is clicked on

2020-04-22 17:43:38 - [MESSAGE][PASSED] - Object: 'Object Repository/Test Simple Search/Page_Axiell Quria/a_Sign in with Google' is clicked on

2020-04-22 17:43:38 - [TEST_STEP][PASSED] - setText(findTestObject("Capture Object Patron/Page_Axiell Quria/input_axiell.com_identifier"), "axiell.norge.quria@gmail.com"): Text 'axiell.norge.quria@gmail.com' is set on object 'Object Repository/Capture Object Patron/Page_Axiell Quria/input_axiell.com_identifier'

2020-04-22 17:43:42 - [MESSAGE][PASSED] - Text 'axiell.norge.quria@gmail.com' is set on object 'Object Repository/Capture Object Patron/Page_Axiell Quria/input_axiell.com_identifier'

2020-04-22 17:43:42 - [TEST_STEP][PASSED] - click(findTestObject("Capture Object Patron/Page_Logg p  Google-kontoer/span_Neste")): Object: 'Object Repository/Capture Object Patron/Page_Logg p  Google-kontoer/span_Neste' is clicked on

2020-04-22 17:43:44 - [MESSAGE][PASSED] - Object: 'Object Repository/Capture Object Patron/Page_Logg p  Google-kontoer/span_Neste' is clicked on

2020-04-22 17:43:44 - [TEST_STEP][PASSED] - waitForElementVisible(findTestObject("Capture Object Patron/Page_Axiell Quria/input_Password"), 30): Object 'Object Repository/Capture Object Patron/Page_Axiell Quria/input_Password' is visible

2020-04-22 17:43:46 - [MESSAGE][PASSED] - Object 'Object Repository/Capture Object Patron/Page_Axiell Quria/input_Password' is visible

2020-04-22 17:43:46 - [TEST_STEP][PASSED] - setEncryptedText(findTestObject("Capture Object Patron/Page_Axiell Quria/input_Password"), "d097ITWPO7f2v9EptRJGCg=="): Text ****** has been set on object 'Object Repository/Capture Object Patron/Page_Axiell Quria/input_Password'

2020-04-22 17:43:50 - [MESSAGE][PASSED] - Text ****** has been set on object 'Object Repository/Capture Object Patron/Page_Axiell Quria/input_Password'

2020-04-22 17:43:50 - [TEST_STEP][PASSED] - click(findTestObject("Manual Captured Objects/Page_Logg p  Google-kontoer/div_Neste")): Object: 'Object Repository/Manual Captured Objects/Page_Logg p  Google-kontoer/div_Neste' is clicked on

2020-04-22 17:43:52 - [MESSAGE][PASSED] - Object: 'Object Repository/Manual Captured Objects/Page_Logg p  Google-kontoer/div_Neste' is clicked on

2020-04-22 17:43:52 - [MESSAGE][PASSED] - Call Test Case 'Test Cases/Test Patron/Test Case Login' successfully

2020-04-22 17:43:52 - [TEST_STEP][PASSED] - click(findTestObject("Object Repository/Test Simple Search/Page_nightlyno - Axiell Quria/md-icon")): Object: 'Object Repository/Test Simple Search/Page_nightlyno - Axiell Quria/md-icon' is clicked on

2020-04-22 17:43:58 - [MESSAGE][PASSED] - Object: 'Object Repository/Test Simple Search/Page_nightlyno - Axiell Quria/md-icon' is clicked on

2020-04-22 17:43:58 - [TEST_STEP][PASSED] - setText(findTestObject("Object Repository/Test Simple Search/Page_nightlyno - Axiell Quria/input_Abonnementer_search-inpu"), "sub:romantikk"): Text 'sub:romantikk' is set on object 'Object Repository/Test Simple Search/Page_nightlyno - Axiell Quria/input_Abonnementer_search-inpu'

2020-04-22 17:44:08 - [MESSAGE][PASSED] - Text 'sub:romantikk' is set on object 'Object Repository/Test Simple Search/Page_nightlyno - Axiell Quria/input_Abonnementer_search-inpu'

2020-04-22 17:44:08 - [TEST_STEP][PASSED] - click(findTestObject("test manuel objecter 2/Page_nightlyno - Axiell Quria/md-icon_1")): Object: 'Object Repository/test manuel objecter 2/Page_nightlyno - Axiell Quria/md-icon_1' is clicked on

2020-04-22 17:44:11 - [MESSAGE][PASSED] - Object: 'Object Repository/test manuel objecter 2/Page_nightlyno - Axiell Quria/md-icon_1' is clicked on

2020-04-22 17:44:11 - [TEST_STEP][PASSED] - click(findTestObject("test manuel objecter 2/Page_nightlyno - Axiell Quria/div_Resultater")): Object: 'Object Repository/test manuel objecter 2/Page_nightlyno - Axiell Quria/div_Resultater' is clicked on

2020-04-22 17:44:13 - [MESSAGE][PASSED] - Object: 'Object Repository/test manuel objecter 2/Page_nightlyno - Axiell Quria/div_Resultater' is clicked on

2020-04-22 17:44:13 - [TEST_STEP][PASSED] - verifyElementText(findTestObject("test manuel objecter 2/Page_nightlyno - Axiell Quria/div_Resultater"), "Resultater: 538"): Actual text and expected text of test object 'Object Repository/test manuel objecter 2/Page_nightlyno - Axiell Quria/div_Resultater' are matched.

2020-04-22 17:44:15 - [MESSAGE][PASSED] - Actual text and expected text of test object 'Object Repository/test manuel objecter 2/Page_nightlyno - Axiell Quria/div_Resultater' are matched.

2020-04-22 17:44:15 - [TEST_STEP][PASSED] - click(findTestObject("Object Repository/test manuel objecter 2/Page_nightlyno - Axiell Quria/md-icon_expand_more")): Object: 'Object Repository/test manuel objecter 2/Page_nightlyno - Axiell Quria/md-icon_expand_more' is clicked on

2020-04-22 17:44:17 - [MESSAGE][PASSED] - Object: 'Object Repository/test manuel objecter 2/Page_nightlyno - Axiell Quria/md-icon_expand_more' is clicked on

2020-04-22 17:44:17 - [TEST_STEP][PASSED] - click(findTestObject("Object Repository/test manuel objecter 2/Page_nightlyno - Axiell Quria/a_exit_to_appLogg av")): Object: 'Object Repository/test manuel objecter 2/Page_nightlyno - Axiell Quria/a_exit_to_appLogg av' is clicked on

2020-04-22 17:44:19 - [MESSAGE][PASSED] - Object: 'Object Repository/test manuel objecter 2/Page_nightlyno - Axiell Quria/a_exit_to_appLogg av' is clicked on

2020-04-22 17:44:19 - [TEST_STEP][PASSED] - closeBrowser(): Browser is closed

2020-04-22 17:44:21 - [MESSAGE][PASSED] - Browser is closed]]></system-out>
         <system-err><![CDATA[]]></system-err>
      </testcase>
      <system-out><![CDATA[2020-04-22 17:38:12 - [TEST_SUITE][PASSED] - Test Quria Advanced Search: Test Cases/Test Advanced Search Boolean Prefix sub]]></system-out>
      <system-err><![CDATA[]]></system-err>
   </testsuite>
</testsuites>
