<?xml version="1.0" encoding="UTF-8"?>
<testsuites name="Test Suite Quria Patron" time="6" tests="1" failures="0" errors="0">
   <testsuite name="Test Suite Quria Patron" tests="1" failures="0" errors="0" time="6" timestamp="2020-01-13 14:18:49" hostname="ignacio - BIBITS-IGNACIO2.bibsent.no" id="Test Suites/Test Suite Quria Patron">
      <properties>
         <property name="deviceName" value=""/>
         <property name="devicePlatform" value=""/>
         <property name="logFolder" value="C:\\Users\\ignacio\\Katalon Studio\\KatalonQuriaTest\\Reports\\Test Suite Quria Patron\\20200113_141837"/>
         <property name="logFiles" value="C:\\Users\\ignacio\\Katalon Studio\\KatalonQuriaTest\\Reports\\Test Suite Quria Patron\\20200113_141837\\execution0.log"/>
         <property name="attachments" value=""/>
         <property name="hostName" value="ignacio - BIBITS-IGNACIO2.bibsent.no"/>
         <property name="hostAddress" value="10.81.1.177"/>
         <property name="os" value="Windows 10 64bit"/>
         <property name="katalonVersion" value="5.10.0.1"/>
      </properties>
      <testcase name="Test Cases/Test verify stop words" classname="Test Cases/Test verify stop words" status="PASSED">
         <system-out><![CDATA[2020-01-13 14:18:50 - [TEST_CASE][PASSED] - Test Cases/Test verify stop words: Test Cases/Test verify stop words

2020-01-13 14:18:53 - [TEST_STEP][PASSED] - return null: null]]></system-out>
         <system-err><![CDATA[]]></system-err>
      </testcase>
      <system-out><![CDATA[2020-01-13 14:18:49 - [TEST_SUITE][PASSED] - Test Suite Quria Patron: Test Cases/Test verify stop words]]></system-out>
      <system-err><![CDATA[]]></system-err>
   </testsuite>
</testsuites>
