<?xml version="1.0" encoding="UTF-8"?>
<testsuites name="Test Suite Quria Search Data Drive" time="48" tests="1" failures="0" errors="0">
   <testsuite name="Test Suite Quria Search Data Drive" tests="1" failures="0" errors="0" time="48" timestamp="2020-03-03 10:48:51" hostname="ignacio - BIBITS-IGNACIO2.bibsent.no" id="Test Suites/Test Suite Quria Search Data Drive">
      <properties>
         <property name="deviceName" value=""/>
         <property name="devicePlatform" value=""/>
         <property name="logFolder" value="C:\\Users\\ignacio\\Katalon Studio\\KatalonQuriaTest\\Reports\\Test Suite Quria Search Data Drive\\20200303_104849"/>
         <property name="logFiles" value="C:\\Users\\ignacio\\Katalon Studio\\KatalonQuriaTest\\Reports\\Test Suite Quria Search Data Drive\\20200303_104849\\execution0.log"/>
         <property name="attachments" value=""/>
         <property name="hostName" value="ignacio - BIBITS-IGNACIO2.bibsent.no"/>
         <property name="os" value="Windows 10 64bit"/>
         <property name="katalonVersion" value="5.10.0.1"/>
         <property name="browser" value="Chrome 80.0.3987.122"/>
         <property name="hostAddress" value="10.81.1.120"/>
         <property name="sessionId" value="7fb890edb2908b26a488a248ca918c02"/>
         <property name="seleniumVersion" value="3.7.1"/>
         <property name="proxyInformation" value="ProxyInformation{proxyOption=NO_PROXY, proxyServerType=HTTP, password=, proxyServerAddress=, proxyServerPort=0}"/>
         <property name="platform" value="Windows 10"/>
      </properties>
      <testcase name="Test Cases/Test Simple Search -DataDrive" classname="Test Cases/Test Simple Search -DataDrive" status="PASSED">
         <system-out><![CDATA[2020-03-03 10:48:51 - [TEST_CASE][PASSED] - Test Cases/Test Simple Search -DataDrive: Test Cases/Test Simple Search -DataDrive

2020-03-03 10:48:52 - [TEST_STEP][PASSED] - openBrowser(""): Browser is opened with url: ''

2020-03-03 10:48:52 - [MESSAGE][INFO] - Starting 'Chrome' driver

2020-03-03 10:48:52 - [MESSAGE][INFO] - Action delay is set to 1 seconds

2020-03-03 10:49:03 - [MESSAGE][PASSED] - Browser is opened with url: ''

2020-03-03 10:49:03 - [TEST_STEP][PASSED] - navigateToUrl("https://nightlyno.quriaint.axiell.com/frontend/e6577300-18cd-4938-95dc-8690d6b50505/public/index.html"): Navigate to 'https://nightlyno.quriaint.axiell.com/frontend/e6577300-18cd-4938-95dc-8690d6b50505/public/index.html' successfully

2020-03-03 10:49:04 - [MESSAGE][PASSED] - Navigate to 'https://nightlyno.quriaint.axiell.com/frontend/e6577300-18cd-4938-95dc-8690d6b50505/public/index.html' successfully

2020-03-03 10:49:04 - [TEST_STEP][PASSED] - click(findTestObject("Object Repository/Test Simple Search/Page_Axiell Quria/a_Sign in with Google")): Object: 'Object Repository/Test Simple Search/Page_Axiell Quria/a_Sign in with Google' is clicked on

2020-03-03 10:49:06 - [MESSAGE][PASSED] - Object: 'Object Repository/Test Simple Search/Page_Axiell Quria/a_Sign in with Google' is clicked on

2020-03-03 10:49:06 - [TEST_STEP][PASSED] - setText(findTestObject("Object Repository/Test Simple Search/Page_Logg p  Google-kontoer/input_axiell.com_identifier"), "axiell.norge.quria@gmail.com"): Text 'axiell.norge.quria@gmail.com' is set on object 'Object Repository/Test Simple Search/Page_Logg p  Google-kontoer/input_axiell.com_identifier'

2020-03-03 10:49:11 - [MESSAGE][PASSED] - Text 'axiell.norge.quria@gmail.com' is set on object 'Object Repository/Test Simple Search/Page_Logg p  Google-kontoer/input_axiell.com_identifier'

2020-03-03 10:49:11 - [TEST_STEP][PASSED] - click(findTestObject("Object Repository/Test Simple Search/Page_Logg p  Google-kontoer/span_Neste")): Object: 'Object Repository/Test Simple Search/Page_Logg p  Google-kontoer/span_Neste' is clicked on

2020-03-03 10:49:13 - [MESSAGE][PASSED] - Object: 'Object Repository/Test Simple Search/Page_Logg p  Google-kontoer/span_Neste' is clicked on

2020-03-03 10:49:13 - [TEST_STEP][PASSED] - waitForElementVisible(findTestObject("Test Simple Search/Page_Logg p  Google-kontoer/input_Password"), 30): Object 'Object Repository/Test Simple Search/Page_Logg p  Google-kontoer/input_Password' is visible

2020-03-03 10:49:15 - [MESSAGE][PASSED] - Object 'Object Repository/Test Simple Search/Page_Logg p  Google-kontoer/input_Password' is visible

2020-03-03 10:49:15 - [TEST_STEP][PASSED] - setEncryptedText(findTestObject("Test Simple Search/Page_Logg p  Google-kontoer/input_Password"), "d097ITWPO7f2v9EptRJGCg=="): Text ****** has been set on object 'Object Repository/Test Simple Search/Page_Logg p  Google-kontoer/input_Password'

2020-03-03 10:49:19 - [MESSAGE][PASSED] - Text ****** has been set on object 'Object Repository/Test Simple Search/Page_Logg p  Google-kontoer/input_Password'

2020-03-03 10:49:19 - [TEST_STEP][PASSED] - click(findTestObject("Manual Captured Objects/Page_Logg p  Google-kontoer/div_Neste")): Object: 'Object Repository/Manual Captured Objects/Page_Logg p  Google-kontoer/div_Neste' is clicked on

2020-03-03 10:49:21 - [MESSAGE][PASSED] - Object: 'Object Repository/Manual Captured Objects/Page_Logg p  Google-kontoer/div_Neste' is clicked on

2020-03-03 10:49:21 - [TEST_STEP][PASSED] - click(findTestObject("Object Repository/Test Simple Search/Page_nightlyno - Axiell Quria/md-icon")): Object: 'Object Repository/Test Simple Search/Page_nightlyno - Axiell Quria/md-icon' is clicked on

2020-03-03 10:49:27 - [MESSAGE][PASSED] - Object: 'Object Repository/Test Simple Search/Page_nightlyno - Axiell Quria/md-icon' is clicked on

2020-03-03 10:49:27 - [TEST_STEP][PASSED] - setText(findTestObject("Object Repository/Test Simple Search/Page_nightlyno - Axiell Quria/input_Abonnementer_search-inpu"), searchterm): Text '' is set on object 'Object Repository/Test Simple Search/Page_nightlyno - Axiell Quria/input_Abonnementer_search-inpu'

2020-03-03 10:49:31 - [MESSAGE][PASSED] - Text '' is set on object 'Object Repository/Test Simple Search/Page_nightlyno - Axiell Quria/input_Abonnementer_search-inpu'

2020-03-03 10:49:31 - [TEST_STEP][PASSED] - click(findTestObject("Object Repository/Test Simple Search/Page_nightlyno - Axiell Quria/md-icon_expand_more")): Object: 'Object Repository/Test Simple Search/Page_nightlyno - Axiell Quria/md-icon_expand_more' is clicked on

2020-03-03 10:49:33 - [MESSAGE][PASSED] - Object: 'Object Repository/Test Simple Search/Page_nightlyno - Axiell Quria/md-icon_expand_more' is clicked on

2020-03-03 10:49:33 - [TEST_STEP][PASSED] - waitForElementVisible(findTestObject("Test Simple Search/Page_nightlyno - Axiell Quria/a_exit_to_appLogg av"), 30): Object 'Object Repository/Test Simple Search/Page_nightlyno - Axiell Quria/a_exit_to_appLogg av' is visible

2020-03-03 10:49:35 - [MESSAGE][PASSED] - Object 'Object Repository/Test Simple Search/Page_nightlyno - Axiell Quria/a_exit_to_appLogg av' is visible

2020-03-03 10:49:35 - [TEST_STEP][PASSED] - click(findTestObject("Object Repository/Test Simple Search/Page_nightlyno - Axiell Quria/a_exit_to_appLogg av")): Object: 'Object Repository/Test Simple Search/Page_nightlyno - Axiell Quria/a_exit_to_appLogg av' is clicked on

2020-03-03 10:49:38 - [MESSAGE][PASSED] - Object: 'Object Repository/Test Simple Search/Page_nightlyno - Axiell Quria/a_exit_to_appLogg av' is clicked on

2020-03-03 10:49:38 - [TEST_STEP][PASSED] - closeBrowser(): Browser is closed

2020-03-03 10:49:39 - [MESSAGE][PASSED] - Browser is closed]]></system-out>
         <system-err><![CDATA[]]></system-err>
      </testcase>
      <system-out><![CDATA[2020-03-03 10:48:51 - [TEST_SUITE][PASSED] - Test Suite Quria Search Data Drive: Test Cases/Test Simple Search -DataDrive]]></system-out>
      <system-err><![CDATA[]]></system-err>
   </testsuite>
</testsuites>
