<?xml version="1.0" encoding="UTF-8"?>
<testsuites name="Test Quria Advanced Search" time="313" tests="7" failures="0" errors="0">
   <testsuite name="Test Quria Advanced Search" tests="7" failures="0" errors="0" time="313" timestamp="2020-02-17 14:56:36" hostname="ignacio - BIBITS-IGNACIO2.bibsent.no" id="Test Suites/Test Quria Advanced Search">
      <properties>
         <property name="deviceName" value=""/>
         <property name="devicePlatform" value=""/>
         <property name="logFolder" value="C:\\Users\\ignacio\\Katalon Studio\\KatalonQuriaTest\\Reports\\Test Quria Advanced Search\\20200217_145633"/>
         <property name="logFiles" value="C:\\Users\\ignacio\\Katalon Studio\\KatalonQuriaTest\\Reports\\Test Quria Advanced Search\\20200217_145633\\execution0.log"/>
         <property name="attachments" value=""/>
         <property name="hostName" value="ignacio - BIBITS-IGNACIO2.bibsent.no"/>
         <property name="os" value="Windows 10 64bit"/>
         <property name="katalonVersion" value="5.10.0.1"/>
         <property name="browser" value="Chrome 79.0.3945.130"/>
         <property name="hostAddress" value="10.81.254.98"/>
         <property name="sessionId" value="8145f935a305419729b424b8c88baee5"/>
         <property name="seleniumVersion" value="3.7.1"/>
         <property name="proxyInformation" value="ProxyInformation{proxyOption=NO_PROXY, proxyServerType=HTTP, password=, proxyServerAddress=, proxyServerPort=0}"/>
         <property name="platform" value="Windows 10"/>
      </properties>
      <testcase name="Test Cases/Test Advanced Search Boolean Prefix sub NOT Prefix cre" classname="Test Cases/Test Advanced Search Boolean Prefix sub NOT Prefix cre" status="PASSED">
         <system-out><![CDATA[2020-02-17 14:56:36 - [TEST_CASE][PASSED] - Test Cases/Test Advanced Search Boolean Prefix sub NOT Prefix cre: Test Cases/Test Advanced Search Boolean Prefix sub NOT Prefix cre

2020-02-17 14:56:37 - [TEST_STEP][PASSED] - openBrowser(""): Browser is opened with url: ''

2020-02-17 14:56:37 - [MESSAGE][INFO] - Starting 'Chrome' driver

2020-02-17 14:56:37 - [MESSAGE][INFO] - Action delay is set to 1 seconds

2020-02-17 14:56:48 - [MESSAGE][PASSED] - Browser is opened with url: ''

2020-02-17 14:56:48 - [TEST_STEP][PASSED] - navigateToUrl("https://nightlyno.quriaint.axiell.com/frontend/e6577300-18cd-4938-95dc-8690d6b50505/public/index.html"): Navigate to 'https://nightlyno.quriaint.axiell.com/frontend/e6577300-18cd-4938-95dc-8690d6b50505/public/index.html' successfully

2020-02-17 14:56:50 - [MESSAGE][PASSED] - Navigate to 'https://nightlyno.quriaint.axiell.com/frontend/e6577300-18cd-4938-95dc-8690d6b50505/public/index.html' successfully

2020-02-17 14:56:50 - [TEST_STEP][PASSED] - click(findTestObject("Object Repository/Test Simple Search/Page_Axiell Quria/a_Sign in with Google")): Object: 'Object Repository/Test Simple Search/Page_Axiell Quria/a_Sign in with Google' is clicked on

2020-02-17 14:56:52 - [MESSAGE][PASSED] - Object: 'Object Repository/Test Simple Search/Page_Axiell Quria/a_Sign in with Google' is clicked on

2020-02-17 14:56:52 - [TEST_STEP][PASSED] - setText(findTestObject("Object Repository/Test Simple Search/Page_Logg p  Google-kontoer/input_axiell.com_identifier"), "axiell.norge.quria@gmail.com"): Text 'axiell.norge.quria@gmail.com' is set on object 'Object Repository/Test Simple Search/Page_Logg p  Google-kontoer/input_axiell.com_identifier'

2020-02-17 14:56:57 - [MESSAGE][PASSED] - Text 'axiell.norge.quria@gmail.com' is set on object 'Object Repository/Test Simple Search/Page_Logg p  Google-kontoer/input_axiell.com_identifier'

2020-02-17 14:56:57 - [TEST_STEP][PASSED] - click(findTestObject("Object Repository/Test Simple Search/Page_Logg p  Google-kontoer/span_Neste")): Object: 'Object Repository/Test Simple Search/Page_Logg p  Google-kontoer/span_Neste' is clicked on

2020-02-17 14:56:59 - [MESSAGE][PASSED] - Object: 'Object Repository/Test Simple Search/Page_Logg p  Google-kontoer/span_Neste' is clicked on

2020-02-17 14:56:59 - [TEST_STEP][PASSED] - waitForElementVisible(findTestObject("Test Simple Search/Page_Logg p  Google-kontoer/input_For mange mislykkede for"), 30): Object 'Object Repository/Test Simple Search/Page_Logg p  Google-kontoer/input_For mange mislykkede for' is visible

2020-02-17 14:57:01 - [MESSAGE][PASSED] - Object 'Object Repository/Test Simple Search/Page_Logg p  Google-kontoer/input_For mange mislykkede for' is visible

2020-02-17 14:57:01 - [TEST_STEP][PASSED] - setEncryptedText(findTestObject("Object Repository/Test Simple Search/Page_Logg p  Google-kontoer/input_For mange mislykkede for"), "d097ITWPO7f2v9EptRJGCg=="): Text ****** has been set on object 'Object Repository/Test Simple Search/Page_Logg p  Google-kontoer/input_For mange mislykkede for'

2020-02-17 14:57:04 - [MESSAGE][PASSED] - Text ****** has been set on object 'Object Repository/Test Simple Search/Page_Logg p  Google-kontoer/input_For mange mislykkede for'

2020-02-17 14:57:04 - [TEST_STEP][PASSED] - click(findTestObject("Test Simple Search/Page_Logg p  Google-kontoer/div_Neste")): Object: 'Object Repository/Test Simple Search/Page_Logg p  Google-kontoer/div_Neste' is clicked on

2020-02-17 14:57:07 - [MESSAGE][PASSED] - Object: 'Object Repository/Test Simple Search/Page_Logg p  Google-kontoer/div_Neste' is clicked on

2020-02-17 14:57:07 - [TEST_STEP][PASSED] - click(findTestObject("Object Repository/Test Simple Search/Page_nightlyno - Axiell Quria/md-icon")): Object: 'Object Repository/Test Simple Search/Page_nightlyno - Axiell Quria/md-icon' is clicked on

2020-02-17 14:57:12 - [MESSAGE][PASSED] - Object: 'Object Repository/Test Simple Search/Page_nightlyno - Axiell Quria/md-icon' is clicked on

2020-02-17 14:57:12 - [TEST_STEP][PASSED] - setText(findTestObject("Object Repository/Test Simple Search/Page_nightlyno - Axiell Quria/input_Abonnementer_search-inpu"), "sub:romantikk NOT cre:boge"): Text 'sub:romantikk NOT cre:boge' is set on object 'Object Repository/Test Simple Search/Page_nightlyno - Axiell Quria/input_Abonnementer_search-inpu'

2020-02-17 14:57:17 - [MESSAGE][PASSED] - Text 'sub:romantikk NOT cre:boge' is set on object 'Object Repository/Test Simple Search/Page_nightlyno - Axiell Quria/input_Abonnementer_search-inpu'

2020-02-17 14:57:17 - [TEST_STEP][PASSED] - click(findTestObject("Object Repository/Test Simple Search/Page_nightlyno - Axiell Quria/md-icon_expand_more")): Object: 'Object Repository/Test Simple Search/Page_nightlyno - Axiell Quria/md-icon_expand_more' is clicked on

2020-02-17 14:57:19 - [MESSAGE][PASSED] - Object: 'Object Repository/Test Simple Search/Page_nightlyno - Axiell Quria/md-icon_expand_more' is clicked on

2020-02-17 14:57:19 - [TEST_STEP][PASSED] - waitForElementVisible(findTestObject("Test Simple Search/Page_nightlyno - Axiell Quria/a_exit_to_appLogg av"), 30): Object 'Object Repository/Test Simple Search/Page_nightlyno - Axiell Quria/a_exit_to_appLogg av' is visible

2020-02-17 14:57:21 - [MESSAGE][PASSED] - Object 'Object Repository/Test Simple Search/Page_nightlyno - Axiell Quria/a_exit_to_appLogg av' is visible

2020-02-17 14:57:21 - [TEST_STEP][PASSED] - click(findTestObject("Object Repository/Test Simple Search/Page_nightlyno - Axiell Quria/a_exit_to_appLogg av")): Object: 'Object Repository/Test Simple Search/Page_nightlyno - Axiell Quria/a_exit_to_appLogg av' is clicked on

2020-02-17 14:57:23 - [MESSAGE][PASSED] - Object: 'Object Repository/Test Simple Search/Page_nightlyno - Axiell Quria/a_exit_to_appLogg av' is clicked on

2020-02-17 14:57:23 - [TEST_STEP][PASSED] - closeBrowser(): Browser is closed

2020-02-17 14:57:25 - [MESSAGE][PASSED] - Browser is closed]]></system-out>
         <system-err><![CDATA[]]></system-err>
      </testcase>
      <testcase name="Test Cases/Test Advanced Search Boolean Prefix sub NOT Prefix cre" classname="Test Cases/Test Advanced Search Boolean Prefix sub NOT Prefix cre" status="PASSED">
         <system-out><![CDATA[2020-02-17 14:57:25 - [TEST_CASE][PASSED] - Test Cases/Test Advanced Search Boolean Prefix sub NOT Prefix cre: Test Cases/Test Advanced Search Boolean Prefix sub NOT Prefix cre

2020-02-17 14:57:25 - [TEST_STEP][PASSED] - openBrowser(""): Browser is opened with url: ''

2020-02-17 14:57:25 - [MESSAGE][INFO] - Starting 'Chrome' driver

2020-02-17 14:57:32 - [MESSAGE][PASSED] - Browser is opened with url: ''

2020-02-17 14:57:32 - [TEST_STEP][PASSED] - navigateToUrl("https://nightlyno.quriaint.axiell.com/frontend/e6577300-18cd-4938-95dc-8690d6b50505/public/index.html"): Navigate to 'https://nightlyno.quriaint.axiell.com/frontend/e6577300-18cd-4938-95dc-8690d6b50505/public/index.html' successfully

2020-02-17 14:57:34 - [MESSAGE][PASSED] - Navigate to 'https://nightlyno.quriaint.axiell.com/frontend/e6577300-18cd-4938-95dc-8690d6b50505/public/index.html' successfully

2020-02-17 14:57:34 - [TEST_STEP][PASSED] - click(findTestObject("Object Repository/Test Simple Search/Page_Axiell Quria/a_Sign in with Google")): Object: 'Object Repository/Test Simple Search/Page_Axiell Quria/a_Sign in with Google' is clicked on

2020-02-17 14:57:36 - [MESSAGE][PASSED] - Object: 'Object Repository/Test Simple Search/Page_Axiell Quria/a_Sign in with Google' is clicked on

2020-02-17 14:57:36 - [TEST_STEP][PASSED] - setText(findTestObject("Object Repository/Test Simple Search/Page_Logg p  Google-kontoer/input_axiell.com_identifier"), "axiell.norge.quria@gmail.com"): Text 'axiell.norge.quria@gmail.com' is set on object 'Object Repository/Test Simple Search/Page_Logg p  Google-kontoer/input_axiell.com_identifier'

2020-02-17 14:57:41 - [MESSAGE][PASSED] - Text 'axiell.norge.quria@gmail.com' is set on object 'Object Repository/Test Simple Search/Page_Logg p  Google-kontoer/input_axiell.com_identifier'

2020-02-17 14:57:41 - [TEST_STEP][PASSED] - click(findTestObject("Object Repository/Test Simple Search/Page_Logg p  Google-kontoer/span_Neste")): Object: 'Object Repository/Test Simple Search/Page_Logg p  Google-kontoer/span_Neste' is clicked on

2020-02-17 14:57:43 - [MESSAGE][PASSED] - Object: 'Object Repository/Test Simple Search/Page_Logg p  Google-kontoer/span_Neste' is clicked on

2020-02-17 14:57:43 - [TEST_STEP][PASSED] - waitForElementVisible(findTestObject("Test Simple Search/Page_Logg p  Google-kontoer/input_For mange mislykkede for"), 30): Object 'Object Repository/Test Simple Search/Page_Logg p  Google-kontoer/input_For mange mislykkede for' is visible

2020-02-17 14:57:45 - [MESSAGE][PASSED] - Object 'Object Repository/Test Simple Search/Page_Logg p  Google-kontoer/input_For mange mislykkede for' is visible

2020-02-17 14:57:45 - [TEST_STEP][PASSED] - setEncryptedText(findTestObject("Object Repository/Test Simple Search/Page_Logg p  Google-kontoer/input_For mange mislykkede for"), "d097ITWPO7f2v9EptRJGCg=="): Text ****** has been set on object 'Object Repository/Test Simple Search/Page_Logg p  Google-kontoer/input_For mange mislykkede for'

2020-02-17 14:57:48 - [MESSAGE][PASSED] - Text ****** has been set on object 'Object Repository/Test Simple Search/Page_Logg p  Google-kontoer/input_For mange mislykkede for'

2020-02-17 14:57:48 - [TEST_STEP][PASSED] - click(findTestObject("Test Simple Search/Page_Logg p  Google-kontoer/div_Neste")): Object: 'Object Repository/Test Simple Search/Page_Logg p  Google-kontoer/div_Neste' is clicked on

2020-02-17 14:57:50 - [MESSAGE][PASSED] - Object: 'Object Repository/Test Simple Search/Page_Logg p  Google-kontoer/div_Neste' is clicked on

2020-02-17 14:57:50 - [TEST_STEP][PASSED] - click(findTestObject("Object Repository/Test Simple Search/Page_nightlyno - Axiell Quria/md-icon")): Object: 'Object Repository/Test Simple Search/Page_nightlyno - Axiell Quria/md-icon' is clicked on

2020-02-17 14:57:56 - [MESSAGE][PASSED] - Object: 'Object Repository/Test Simple Search/Page_nightlyno - Axiell Quria/md-icon' is clicked on

2020-02-17 14:57:56 - [TEST_STEP][PASSED] - setText(findTestObject("Object Repository/Test Simple Search/Page_nightlyno - Axiell Quria/input_Abonnementer_search-inpu"), "sub:romantikk NOT cre:boge"): Text 'sub:romantikk NOT cre:boge' is set on object 'Object Repository/Test Simple Search/Page_nightlyno - Axiell Quria/input_Abonnementer_search-inpu'

2020-02-17 14:58:00 - [MESSAGE][PASSED] - Text 'sub:romantikk NOT cre:boge' is set on object 'Object Repository/Test Simple Search/Page_nightlyno - Axiell Quria/input_Abonnementer_search-inpu'

2020-02-17 14:58:00 - [TEST_STEP][PASSED] - click(findTestObject("Object Repository/Test Simple Search/Page_nightlyno - Axiell Quria/md-icon_expand_more")): Object: 'Object Repository/Test Simple Search/Page_nightlyno - Axiell Quria/md-icon_expand_more' is clicked on

2020-02-17 14:58:02 - [MESSAGE][PASSED] - Object: 'Object Repository/Test Simple Search/Page_nightlyno - Axiell Quria/md-icon_expand_more' is clicked on

2020-02-17 14:58:02 - [TEST_STEP][PASSED] - waitForElementVisible(findTestObject("Test Simple Search/Page_nightlyno - Axiell Quria/a_exit_to_appLogg av"), 30): Object 'Object Repository/Test Simple Search/Page_nightlyno - Axiell Quria/a_exit_to_appLogg av' is visible

2020-02-17 14:58:04 - [MESSAGE][PASSED] - Object 'Object Repository/Test Simple Search/Page_nightlyno - Axiell Quria/a_exit_to_appLogg av' is visible

2020-02-17 14:58:04 - [TEST_STEP][PASSED] - click(findTestObject("Object Repository/Test Simple Search/Page_nightlyno - Axiell Quria/a_exit_to_appLogg av")): Object: 'Object Repository/Test Simple Search/Page_nightlyno - Axiell Quria/a_exit_to_appLogg av' is clicked on

2020-02-17 14:58:06 - [MESSAGE][PASSED] - Object: 'Object Repository/Test Simple Search/Page_nightlyno - Axiell Quria/a_exit_to_appLogg av' is clicked on

2020-02-17 14:58:06 - [TEST_STEP][PASSED] - closeBrowser(): Browser is closed

2020-02-17 14:58:08 - [MESSAGE][PASSED] - Browser is closed]]></system-out>
         <system-err><![CDATA[]]></system-err>
      </testcase>
      <testcase name="Test Cases/Test Advanced Search Boolean Prefix cre NOT Prefix sub" classname="Test Cases/Test Advanced Search Boolean Prefix cre NOT Prefix sub" status="PASSED">
         <system-out><![CDATA[2020-02-17 14:58:08 - [TEST_CASE][PASSED] - Test Cases/Test Advanced Search Boolean Prefix cre NOT Prefix sub: Test Cases/Test Advanced Search Boolean Prefix cre NOT Prefix sub

2020-02-17 14:58:08 - [TEST_STEP][PASSED] - openBrowser(""): Browser is opened with url: ''

2020-02-17 14:58:08 - [MESSAGE][INFO] - Starting 'Chrome' driver

2020-02-17 14:58:16 - [MESSAGE][PASSED] - Browser is opened with url: ''

2020-02-17 14:58:16 - [TEST_STEP][PASSED] - navigateToUrl("https://nightlyno.quriaint.axiell.com/frontend/e6577300-18cd-4938-95dc-8690d6b50505/public/index.html"): Navigate to 'https://nightlyno.quriaint.axiell.com/frontend/e6577300-18cd-4938-95dc-8690d6b50505/public/index.html' successfully

2020-02-17 14:58:18 - [MESSAGE][PASSED] - Navigate to 'https://nightlyno.quriaint.axiell.com/frontend/e6577300-18cd-4938-95dc-8690d6b50505/public/index.html' successfully

2020-02-17 14:58:18 - [TEST_STEP][PASSED] - click(findTestObject("Object Repository/Test Simple Search/Page_Axiell Quria/a_Sign in with Google")): Object: 'Object Repository/Test Simple Search/Page_Axiell Quria/a_Sign in with Google' is clicked on

2020-02-17 14:58:20 - [MESSAGE][PASSED] - Object: 'Object Repository/Test Simple Search/Page_Axiell Quria/a_Sign in with Google' is clicked on

2020-02-17 14:58:20 - [TEST_STEP][PASSED] - setText(findTestObject("Object Repository/Test Simple Search/Page_Logg p  Google-kontoer/input_axiell.com_identifier"), "axiell.norge.quria@gmail.com"): Text 'axiell.norge.quria@gmail.com' is set on object 'Object Repository/Test Simple Search/Page_Logg p  Google-kontoer/input_axiell.com_identifier'

2020-02-17 14:58:25 - [MESSAGE][PASSED] - Text 'axiell.norge.quria@gmail.com' is set on object 'Object Repository/Test Simple Search/Page_Logg p  Google-kontoer/input_axiell.com_identifier'

2020-02-17 14:58:25 - [TEST_STEP][PASSED] - click(findTestObject("Object Repository/Test Simple Search/Page_Logg p  Google-kontoer/span_Neste")): Object: 'Object Repository/Test Simple Search/Page_Logg p  Google-kontoer/span_Neste' is clicked on

2020-02-17 14:58:27 - [MESSAGE][PASSED] - Object: 'Object Repository/Test Simple Search/Page_Logg p  Google-kontoer/span_Neste' is clicked on

2020-02-17 14:58:27 - [TEST_STEP][PASSED] - waitForElementVisible(findTestObject("Test Simple Search/Page_Logg p  Google-kontoer/input_For mange mislykkede for"), 30): Object 'Object Repository/Test Simple Search/Page_Logg p  Google-kontoer/input_For mange mislykkede for' is visible

2020-02-17 14:58:29 - [MESSAGE][PASSED] - Object 'Object Repository/Test Simple Search/Page_Logg p  Google-kontoer/input_For mange mislykkede for' is visible

2020-02-17 14:58:29 - [TEST_STEP][PASSED] - setEncryptedText(findTestObject("Object Repository/Test Simple Search/Page_Logg p  Google-kontoer/input_For mange mislykkede for"), "d097ITWPO7f2v9EptRJGCg=="): Text ****** has been set on object 'Object Repository/Test Simple Search/Page_Logg p  Google-kontoer/input_For mange mislykkede for'

2020-02-17 14:58:32 - [MESSAGE][PASSED] - Text ****** has been set on object 'Object Repository/Test Simple Search/Page_Logg p  Google-kontoer/input_For mange mislykkede for'

2020-02-17 14:58:32 - [TEST_STEP][PASSED] - click(findTestObject("Test Simple Search/Page_Logg p  Google-kontoer/div_Neste")): Object: 'Object Repository/Test Simple Search/Page_Logg p  Google-kontoer/div_Neste' is clicked on

2020-02-17 14:58:34 - [MESSAGE][PASSED] - Object: 'Object Repository/Test Simple Search/Page_Logg p  Google-kontoer/div_Neste' is clicked on

2020-02-17 14:58:34 - [TEST_STEP][PASSED] - click(findTestObject("Object Repository/Test Simple Search/Page_nightlyno - Axiell Quria/md-icon")): Object: 'Object Repository/Test Simple Search/Page_nightlyno - Axiell Quria/md-icon' is clicked on

2020-02-17 14:58:40 - [MESSAGE][PASSED] - Object: 'Object Repository/Test Simple Search/Page_nightlyno - Axiell Quria/md-icon' is clicked on

2020-02-17 14:58:40 - [TEST_STEP][PASSED] - setText(findTestObject("Object Repository/Test Simple Search/Page_nightlyno - Axiell Quria/input_Abonnementer_search-inpu"), "cre:boge NOT sub:romantikk"): Text 'cre:boge NOT sub:romantikk' is set on object 'Object Repository/Test Simple Search/Page_nightlyno - Axiell Quria/input_Abonnementer_search-inpu'

2020-02-17 14:58:44 - [MESSAGE][PASSED] - Text 'cre:boge NOT sub:romantikk' is set on object 'Object Repository/Test Simple Search/Page_nightlyno - Axiell Quria/input_Abonnementer_search-inpu'

2020-02-17 14:58:44 - [TEST_STEP][PASSED] - click(findTestObject("Object Repository/Test Simple Search/Page_nightlyno - Axiell Quria/md-icon_expand_more")): Object: 'Object Repository/Test Simple Search/Page_nightlyno - Axiell Quria/md-icon_expand_more' is clicked on

2020-02-17 14:58:46 - [MESSAGE][PASSED] - Object: 'Object Repository/Test Simple Search/Page_nightlyno - Axiell Quria/md-icon_expand_more' is clicked on

2020-02-17 14:58:46 - [TEST_STEP][PASSED] - waitForElementVisible(findTestObject("Test Simple Search/Page_nightlyno - Axiell Quria/a_exit_to_appLogg av"), 30): Object 'Object Repository/Test Simple Search/Page_nightlyno - Axiell Quria/a_exit_to_appLogg av' is visible

2020-02-17 14:58:48 - [MESSAGE][PASSED] - Object 'Object Repository/Test Simple Search/Page_nightlyno - Axiell Quria/a_exit_to_appLogg av' is visible

2020-02-17 14:58:48 - [TEST_STEP][PASSED] - click(findTestObject("Object Repository/Test Simple Search/Page_nightlyno - Axiell Quria/a_exit_to_appLogg av")): Object: 'Object Repository/Test Simple Search/Page_nightlyno - Axiell Quria/a_exit_to_appLogg av' is clicked on

2020-02-17 14:58:50 - [MESSAGE][PASSED] - Object: 'Object Repository/Test Simple Search/Page_nightlyno - Axiell Quria/a_exit_to_appLogg av' is clicked on

2020-02-17 14:58:50 - [TEST_STEP][PASSED] - closeBrowser(): Browser is closed

2020-02-17 14:58:52 - [MESSAGE][PASSED] - Browser is closed]]></system-out>
         <system-err><![CDATA[]]></system-err>
      </testcase>
      <testcase name="Test Cases/Test Advanced Search Boolean Prefix cre" classname="Test Cases/Test Advanced Search Boolean Prefix cre" status="PASSED">
         <system-out><![CDATA[2020-02-17 14:58:52 - [TEST_CASE][PASSED] - Test Cases/Test Advanced Search Boolean Prefix cre: Test Cases/Test Advanced Search Boolean Prefix cre

2020-02-17 14:58:52 - [TEST_STEP][PASSED] - openBrowser(""): Browser is opened with url: ''

2020-02-17 14:58:52 - [MESSAGE][INFO] - Starting 'Chrome' driver

2020-02-17 14:59:00 - [MESSAGE][PASSED] - Browser is opened with url: ''

2020-02-17 14:59:00 - [TEST_STEP][PASSED] - navigateToUrl("https://nightlyno.quriaint.axiell.com/frontend/e6577300-18cd-4938-95dc-8690d6b50505/public/index.html"): Navigate to 'https://nightlyno.quriaint.axiell.com/frontend/e6577300-18cd-4938-95dc-8690d6b50505/public/index.html' successfully

2020-02-17 14:59:02 - [MESSAGE][PASSED] - Navigate to 'https://nightlyno.quriaint.axiell.com/frontend/e6577300-18cd-4938-95dc-8690d6b50505/public/index.html' successfully

2020-02-17 14:59:02 - [TEST_STEP][PASSED] - click(findTestObject("Object Repository/Test Simple Search/Page_Axiell Quria/a_Sign in with Google")): Object: 'Object Repository/Test Simple Search/Page_Axiell Quria/a_Sign in with Google' is clicked on

2020-02-17 14:59:04 - [MESSAGE][PASSED] - Object: 'Object Repository/Test Simple Search/Page_Axiell Quria/a_Sign in with Google' is clicked on

2020-02-17 14:59:04 - [TEST_STEP][PASSED] - setText(findTestObject("Object Repository/Test Simple Search/Page_Logg p  Google-kontoer/input_axiell.com_identifier"), "axiell.norge.quria@gmail.com"): Text 'axiell.norge.quria@gmail.com' is set on object 'Object Repository/Test Simple Search/Page_Logg p  Google-kontoer/input_axiell.com_identifier'

2020-02-17 14:59:08 - [MESSAGE][PASSED] - Text 'axiell.norge.quria@gmail.com' is set on object 'Object Repository/Test Simple Search/Page_Logg p  Google-kontoer/input_axiell.com_identifier'

2020-02-17 14:59:08 - [TEST_STEP][PASSED] - click(findTestObject("Object Repository/Test Simple Search/Page_Logg p  Google-kontoer/span_Neste")): Object: 'Object Repository/Test Simple Search/Page_Logg p  Google-kontoer/span_Neste' is clicked on

2020-02-17 14:59:11 - [MESSAGE][PASSED] - Object: 'Object Repository/Test Simple Search/Page_Logg p  Google-kontoer/span_Neste' is clicked on

2020-02-17 14:59:11 - [TEST_STEP][PASSED] - waitForElementVisible(findTestObject("Test Simple Search/Page_Logg p  Google-kontoer/input_For mange mislykkede for"), 30): Object 'Object Repository/Test Simple Search/Page_Logg p  Google-kontoer/input_For mange mislykkede for' is visible

2020-02-17 14:59:13 - [MESSAGE][PASSED] - Object 'Object Repository/Test Simple Search/Page_Logg p  Google-kontoer/input_For mange mislykkede for' is visible

2020-02-17 14:59:13 - [TEST_STEP][PASSED] - setEncryptedText(findTestObject("Object Repository/Test Simple Search/Page_Logg p  Google-kontoer/input_For mange mislykkede for"), "d097ITWPO7f2v9EptRJGCg=="): Text ****** has been set on object 'Object Repository/Test Simple Search/Page_Logg p  Google-kontoer/input_For mange mislykkede for'

2020-02-17 14:59:16 - [MESSAGE][PASSED] - Text ****** has been set on object 'Object Repository/Test Simple Search/Page_Logg p  Google-kontoer/input_For mange mislykkede for'

2020-02-17 14:59:16 - [TEST_STEP][PASSED] - click(findTestObject("Test Simple Search/Page_Logg p  Google-kontoer/div_Neste")): Object: 'Object Repository/Test Simple Search/Page_Logg p  Google-kontoer/div_Neste' is clicked on

2020-02-17 14:59:18 - [MESSAGE][PASSED] - Object: 'Object Repository/Test Simple Search/Page_Logg p  Google-kontoer/div_Neste' is clicked on

2020-02-17 14:59:18 - [TEST_STEP][PASSED] - click(findTestObject("Object Repository/Test Simple Search/Page_nightlyno - Axiell Quria/md-icon")): Object: 'Object Repository/Test Simple Search/Page_nightlyno - Axiell Quria/md-icon' is clicked on

2020-02-17 14:59:24 - [MESSAGE][PASSED] - Object: 'Object Repository/Test Simple Search/Page_nightlyno - Axiell Quria/md-icon' is clicked on

2020-02-17 14:59:24 - [TEST_STEP][PASSED] - setText(findTestObject("Object Repository/Test Simple Search/Page_nightlyno - Axiell Quria/input_Abonnementer_search-inpu"), "Cre:boge"): Text 'Cre:boge' is set on object 'Object Repository/Test Simple Search/Page_nightlyno - Axiell Quria/input_Abonnementer_search-inpu'

2020-02-17 14:59:28 - [MESSAGE][PASSED] - Text 'Cre:boge' is set on object 'Object Repository/Test Simple Search/Page_nightlyno - Axiell Quria/input_Abonnementer_search-inpu'

2020-02-17 14:59:28 - [TEST_STEP][PASSED] - click(findTestObject("Object Repository/Test Simple Search/Page_nightlyno - Axiell Quria/md-icon_expand_more")): Object: 'Object Repository/Test Simple Search/Page_nightlyno - Axiell Quria/md-icon_expand_more' is clicked on

2020-02-17 14:59:30 - [MESSAGE][PASSED] - Object: 'Object Repository/Test Simple Search/Page_nightlyno - Axiell Quria/md-icon_expand_more' is clicked on

2020-02-17 14:59:30 - [TEST_STEP][PASSED] - waitForElementVisible(findTestObject("Test Simple Search/Page_nightlyno - Axiell Quria/a_exit_to_appLogg av"), 30): Object 'Object Repository/Test Simple Search/Page_nightlyno - Axiell Quria/a_exit_to_appLogg av' is visible

2020-02-17 14:59:32 - [MESSAGE][PASSED] - Object 'Object Repository/Test Simple Search/Page_nightlyno - Axiell Quria/a_exit_to_appLogg av' is visible

2020-02-17 14:59:32 - [TEST_STEP][PASSED] - click(findTestObject("Object Repository/Test Simple Search/Page_nightlyno - Axiell Quria/a_exit_to_appLogg av")): Object: 'Object Repository/Test Simple Search/Page_nightlyno - Axiell Quria/a_exit_to_appLogg av' is clicked on

2020-02-17 14:59:34 - [MESSAGE][PASSED] - Object: 'Object Repository/Test Simple Search/Page_nightlyno - Axiell Quria/a_exit_to_appLogg av' is clicked on

2020-02-17 14:59:34 - [TEST_STEP][PASSED] - closeBrowser(): Browser is closed

2020-02-17 14:59:36 - [MESSAGE][PASSED] - Browser is closed]]></system-out>
         <system-err><![CDATA[]]></system-err>
      </testcase>
      <testcase name="Test Cases/Test Advanced Search Boolean Prefix sub AND Prefix cre" classname="Test Cases/Test Advanced Search Boolean Prefix sub AND Prefix cre" status="PASSED">
         <system-out><![CDATA[2020-02-17 14:59:36 - [TEST_CASE][PASSED] - Test Cases/Test Advanced Search Boolean Prefix sub AND Prefix cre: Test Cases/Test Advanced Search Boolean Prefix sub AND Prefix cre

2020-02-17 14:59:36 - [TEST_STEP][PASSED] - openBrowser(""): Browser is opened with url: ''

2020-02-17 14:59:36 - [MESSAGE][INFO] - Starting 'Chrome' driver

2020-02-17 14:59:44 - [MESSAGE][PASSED] - Browser is opened with url: ''

2020-02-17 14:59:44 - [TEST_STEP][PASSED] - navigateToUrl("https://nightlyno.quriaint.axiell.com/frontend/e6577300-18cd-4938-95dc-8690d6b50505/public/index.html"): Navigate to 'https://nightlyno.quriaint.axiell.com/frontend/e6577300-18cd-4938-95dc-8690d6b50505/public/index.html' successfully

2020-02-17 14:59:45 - [MESSAGE][PASSED] - Navigate to 'https://nightlyno.quriaint.axiell.com/frontend/e6577300-18cd-4938-95dc-8690d6b50505/public/index.html' successfully

2020-02-17 14:59:45 - [TEST_STEP][PASSED] - click(findTestObject("Object Repository/Test Simple Search/Page_Axiell Quria/a_Sign in with Google")): Object: 'Object Repository/Test Simple Search/Page_Axiell Quria/a_Sign in with Google' is clicked on

2020-02-17 14:59:48 - [MESSAGE][PASSED] - Object: 'Object Repository/Test Simple Search/Page_Axiell Quria/a_Sign in with Google' is clicked on

2020-02-17 14:59:48 - [TEST_STEP][PASSED] - setText(findTestObject("Object Repository/Test Simple Search/Page_Logg p  Google-kontoer/input_axiell.com_identifier"), "axiell.norge.quria@gmail.com"): Text 'axiell.norge.quria@gmail.com' is set on object 'Object Repository/Test Simple Search/Page_Logg p  Google-kontoer/input_axiell.com_identifier'

2020-02-17 14:59:52 - [MESSAGE][PASSED] - Text 'axiell.norge.quria@gmail.com' is set on object 'Object Repository/Test Simple Search/Page_Logg p  Google-kontoer/input_axiell.com_identifier'

2020-02-17 14:59:52 - [TEST_STEP][PASSED] - click(findTestObject("Object Repository/Test Simple Search/Page_Logg p  Google-kontoer/span_Neste")): Object: 'Object Repository/Test Simple Search/Page_Logg p  Google-kontoer/span_Neste' is clicked on

2020-02-17 14:59:54 - [MESSAGE][PASSED] - Object: 'Object Repository/Test Simple Search/Page_Logg p  Google-kontoer/span_Neste' is clicked on

2020-02-17 14:59:54 - [TEST_STEP][PASSED] - waitForElementVisible(findTestObject("Test Simple Search/Page_Logg p  Google-kontoer/input_For mange mislykkede for"), 30): Object 'Object Repository/Test Simple Search/Page_Logg p  Google-kontoer/input_For mange mislykkede for' is visible

2020-02-17 14:59:57 - [MESSAGE][PASSED] - Object 'Object Repository/Test Simple Search/Page_Logg p  Google-kontoer/input_For mange mislykkede for' is visible

2020-02-17 14:59:57 - [TEST_STEP][PASSED] - setEncryptedText(findTestObject("Object Repository/Test Simple Search/Page_Logg p  Google-kontoer/input_For mange mislykkede for"), "d097ITWPO7f2v9EptRJGCg=="): Text ****** has been set on object 'Object Repository/Test Simple Search/Page_Logg p  Google-kontoer/input_For mange mislykkede for'

2020-02-17 15:00:00 - [MESSAGE][PASSED] - Text ****** has been set on object 'Object Repository/Test Simple Search/Page_Logg p  Google-kontoer/input_For mange mislykkede for'

2020-02-17 15:00:00 - [TEST_STEP][PASSED] - click(findTestObject("Test Simple Search/Page_Logg p  Google-kontoer/div_Neste")): Object: 'Object Repository/Test Simple Search/Page_Logg p  Google-kontoer/div_Neste' is clicked on

2020-02-17 15:00:02 - [MESSAGE][PASSED] - Object: 'Object Repository/Test Simple Search/Page_Logg p  Google-kontoer/div_Neste' is clicked on

2020-02-17 15:00:02 - [TEST_STEP][PASSED] - click(findTestObject("Object Repository/Test Simple Search/Page_nightlyno - Axiell Quria/md-icon")): Object: 'Object Repository/Test Simple Search/Page_nightlyno - Axiell Quria/md-icon' is clicked on

2020-02-17 15:00:08 - [MESSAGE][PASSED] - Object: 'Object Repository/Test Simple Search/Page_nightlyno - Axiell Quria/md-icon' is clicked on

2020-02-17 15:00:08 - [TEST_STEP][PASSED] - setText(findTestObject("Object Repository/Test Simple Search/Page_nightlyno - Axiell Quria/input_Abonnementer_search-inpu"), "sub:romantikk AND cre:boge"): Text 'sub:romantikk AND cre:boge' is set on object 'Object Repository/Test Simple Search/Page_nightlyno - Axiell Quria/input_Abonnementer_search-inpu'

2020-02-17 15:00:13 - [MESSAGE][PASSED] - Text 'sub:romantikk AND cre:boge' is set on object 'Object Repository/Test Simple Search/Page_nightlyno - Axiell Quria/input_Abonnementer_search-inpu'

2020-02-17 15:00:13 - [TEST_STEP][PASSED] - click(findTestObject("Object Repository/Test Simple Search/Page_nightlyno - Axiell Quria/md-icon_expand_more")): Object: 'Object Repository/Test Simple Search/Page_nightlyno - Axiell Quria/md-icon_expand_more' is clicked on

2020-02-17 15:00:15 - [MESSAGE][PASSED] - Object: 'Object Repository/Test Simple Search/Page_nightlyno - Axiell Quria/md-icon_expand_more' is clicked on

2020-02-17 15:00:15 - [TEST_STEP][PASSED] - waitForElementVisible(findTestObject("Test Simple Search/Page_nightlyno - Axiell Quria/a_exit_to_appLogg av"), 30): Object 'Object Repository/Test Simple Search/Page_nightlyno - Axiell Quria/a_exit_to_appLogg av' is visible

2020-02-17 15:00:17 - [MESSAGE][PASSED] - Object 'Object Repository/Test Simple Search/Page_nightlyno - Axiell Quria/a_exit_to_appLogg av' is visible

2020-02-17 15:00:17 - [TEST_STEP][PASSED] - click(findTestObject("Object Repository/Test Simple Search/Page_nightlyno - Axiell Quria/a_exit_to_appLogg av")): Object: 'Object Repository/Test Simple Search/Page_nightlyno - Axiell Quria/a_exit_to_appLogg av' is clicked on

2020-02-17 15:00:19 - [MESSAGE][PASSED] - Object: 'Object Repository/Test Simple Search/Page_nightlyno - Axiell Quria/a_exit_to_appLogg av' is clicked on

2020-02-17 15:00:19 - [TEST_STEP][PASSED] - closeBrowser(): Browser is closed

2020-02-17 15:00:21 - [MESSAGE][PASSED] - Browser is closed]]></system-out>
         <system-err><![CDATA[]]></system-err>
      </testcase>
      <testcase name="Test Cases/Test Advanced Search Boolean Prefix sub OR Prefix cre" classname="Test Cases/Test Advanced Search Boolean Prefix sub OR Prefix cre" status="PASSED">
         <system-out><![CDATA[2020-02-17 15:00:21 - [TEST_CASE][PASSED] - Test Cases/Test Advanced Search Boolean Prefix sub OR Prefix cre: Test Cases/Test Advanced Search Boolean Prefix sub OR Prefix cre

2020-02-17 15:00:21 - [TEST_STEP][PASSED] - openBrowser(""): Browser is opened with url: ''

2020-02-17 15:00:21 - [MESSAGE][INFO] - Starting 'Chrome' driver

2020-02-17 15:00:29 - [MESSAGE][PASSED] - Browser is opened with url: ''

2020-02-17 15:00:29 - [TEST_STEP][PASSED] - navigateToUrl("https://nightlyno.quriaint.axiell.com/frontend/e6577300-18cd-4938-95dc-8690d6b50505/public/index.html"): Navigate to 'https://nightlyno.quriaint.axiell.com/frontend/e6577300-18cd-4938-95dc-8690d6b50505/public/index.html' successfully

2020-02-17 15:00:30 - [MESSAGE][PASSED] - Navigate to 'https://nightlyno.quriaint.axiell.com/frontend/e6577300-18cd-4938-95dc-8690d6b50505/public/index.html' successfully

2020-02-17 15:00:30 - [TEST_STEP][PASSED] - click(findTestObject("Object Repository/Test Simple Search/Page_Axiell Quria/a_Sign in with Google")): Object: 'Object Repository/Test Simple Search/Page_Axiell Quria/a_Sign in with Google' is clicked on

2020-02-17 15:00:32 - [MESSAGE][PASSED] - Object: 'Object Repository/Test Simple Search/Page_Axiell Quria/a_Sign in with Google' is clicked on

2020-02-17 15:00:32 - [TEST_STEP][PASSED] - setText(findTestObject("Object Repository/Test Simple Search/Page_Logg p  Google-kontoer/input_axiell.com_identifier"), "axiell.norge.quria@gmail.com"): Text 'axiell.norge.quria@gmail.com' is set on object 'Object Repository/Test Simple Search/Page_Logg p  Google-kontoer/input_axiell.com_identifier'

2020-02-17 15:00:37 - [MESSAGE][PASSED] - Text 'axiell.norge.quria@gmail.com' is set on object 'Object Repository/Test Simple Search/Page_Logg p  Google-kontoer/input_axiell.com_identifier'

2020-02-17 15:00:37 - [TEST_STEP][PASSED] - click(findTestObject("Object Repository/Test Simple Search/Page_Logg p  Google-kontoer/span_Neste")): Object: 'Object Repository/Test Simple Search/Page_Logg p  Google-kontoer/span_Neste' is clicked on

2020-02-17 15:00:39 - [MESSAGE][PASSED] - Object: 'Object Repository/Test Simple Search/Page_Logg p  Google-kontoer/span_Neste' is clicked on

2020-02-17 15:00:39 - [TEST_STEP][PASSED] - waitForElementVisible(findTestObject("Test Simple Search/Page_Logg p  Google-kontoer/input_For mange mislykkede for"), 30): Object 'Object Repository/Test Simple Search/Page_Logg p  Google-kontoer/input_For mange mislykkede for' is visible

2020-02-17 15:00:41 - [MESSAGE][PASSED] - Object 'Object Repository/Test Simple Search/Page_Logg p  Google-kontoer/input_For mange mislykkede for' is visible

2020-02-17 15:00:41 - [TEST_STEP][PASSED] - setEncryptedText(findTestObject("Object Repository/Test Simple Search/Page_Logg p  Google-kontoer/input_For mange mislykkede for"), "d097ITWPO7f2v9EptRJGCg=="): Text ****** has been set on object 'Object Repository/Test Simple Search/Page_Logg p  Google-kontoer/input_For mange mislykkede for'

2020-02-17 15:00:45 - [MESSAGE][PASSED] - Text ****** has been set on object 'Object Repository/Test Simple Search/Page_Logg p  Google-kontoer/input_For mange mislykkede for'

2020-02-17 15:00:45 - [TEST_STEP][PASSED] - click(findTestObject("Test Simple Search/Page_Logg p  Google-kontoer/div_Neste")): Object: 'Object Repository/Test Simple Search/Page_Logg p  Google-kontoer/div_Neste' is clicked on

2020-02-17 15:00:47 - [MESSAGE][PASSED] - Object: 'Object Repository/Test Simple Search/Page_Logg p  Google-kontoer/div_Neste' is clicked on

2020-02-17 15:00:47 - [TEST_STEP][PASSED] - click(findTestObject("Object Repository/Test Simple Search/Page_nightlyno - Axiell Quria/md-icon")): Object: 'Object Repository/Test Simple Search/Page_nightlyno - Axiell Quria/md-icon' is clicked on

2020-02-17 15:00:53 - [MESSAGE][PASSED] - Object: 'Object Repository/Test Simple Search/Page_nightlyno - Axiell Quria/md-icon' is clicked on

2020-02-17 15:00:53 - [TEST_STEP][PASSED] - setText(findTestObject("Object Repository/Test Simple Search/Page_nightlyno - Axiell Quria/input_Abonnementer_search-inpu"), "sub:romantikk OR cre:boge"): Text 'sub:romantikk OR cre:boge' is set on object 'Object Repository/Test Simple Search/Page_nightlyno - Axiell Quria/input_Abonnementer_search-inpu'

2020-02-17 15:00:57 - [MESSAGE][PASSED] - Text 'sub:romantikk OR cre:boge' is set on object 'Object Repository/Test Simple Search/Page_nightlyno - Axiell Quria/input_Abonnementer_search-inpu'

2020-02-17 15:00:57 - [TEST_STEP][PASSED] - click(findTestObject("Object Repository/Test Simple Search/Page_nightlyno - Axiell Quria/md-icon_expand_more")): Object: 'Object Repository/Test Simple Search/Page_nightlyno - Axiell Quria/md-icon_expand_more' is clicked on

2020-02-17 15:00:59 - [MESSAGE][PASSED] - Object: 'Object Repository/Test Simple Search/Page_nightlyno - Axiell Quria/md-icon_expand_more' is clicked on

2020-02-17 15:00:59 - [TEST_STEP][PASSED] - waitForElementVisible(findTestObject("Test Simple Search/Page_nightlyno - Axiell Quria/a_exit_to_appLogg av"), 30): Object 'Object Repository/Test Simple Search/Page_nightlyno - Axiell Quria/a_exit_to_appLogg av' is visible

2020-02-17 15:01:01 - [MESSAGE][PASSED] - Object 'Object Repository/Test Simple Search/Page_nightlyno - Axiell Quria/a_exit_to_appLogg av' is visible

2020-02-17 15:01:01 - [TEST_STEP][PASSED] - click(findTestObject("Object Repository/Test Simple Search/Page_nightlyno - Axiell Quria/a_exit_to_appLogg av")): Object: 'Object Repository/Test Simple Search/Page_nightlyno - Axiell Quria/a_exit_to_appLogg av' is clicked on

2020-02-17 15:01:03 - [MESSAGE][PASSED] - Object: 'Object Repository/Test Simple Search/Page_nightlyno - Axiell Quria/a_exit_to_appLogg av' is clicked on

2020-02-17 15:01:03 - [TEST_STEP][PASSED] - closeBrowser(): Browser is closed

2020-02-17 15:01:05 - [MESSAGE][PASSED] - Browser is closed]]></system-out>
         <system-err><![CDATA[]]></system-err>
      </testcase>
      <testcase name="Test Cases/Test Advanced Search Boolean Prefix sub" classname="Test Cases/Test Advanced Search Boolean Prefix sub" status="PASSED">
         <system-out><![CDATA[2020-02-17 15:01:05 - [TEST_CASE][PASSED] - Test Cases/Test Advanced Search Boolean Prefix sub: Test Cases/Test Advanced Search Boolean Prefix sub

2020-02-17 15:01:05 - [TEST_STEP][PASSED] - openBrowser(""): Browser is opened with url: ''

2020-02-17 15:01:05 - [MESSAGE][INFO] - Starting 'Chrome' driver

2020-02-17 15:01:13 - [MESSAGE][PASSED] - Browser is opened with url: ''

2020-02-17 15:01:13 - [TEST_STEP][PASSED] - navigateToUrl("https://nightlyno.quriaint.axiell.com/frontend/e6577300-18cd-4938-95dc-8690d6b50505/public/index.html"): Navigate to 'https://nightlyno.quriaint.axiell.com/frontend/e6577300-18cd-4938-95dc-8690d6b50505/public/index.html' successfully

2020-02-17 15:01:14 - [MESSAGE][PASSED] - Navigate to 'https://nightlyno.quriaint.axiell.com/frontend/e6577300-18cd-4938-95dc-8690d6b50505/public/index.html' successfully

2020-02-17 15:01:14 - [TEST_STEP][PASSED] - click(findTestObject("Object Repository/Test Simple Search/Page_Axiell Quria/a_Sign in with Google")): Object: 'Object Repository/Test Simple Search/Page_Axiell Quria/a_Sign in with Google' is clicked on

2020-02-17 15:01:17 - [MESSAGE][PASSED] - Object: 'Object Repository/Test Simple Search/Page_Axiell Quria/a_Sign in with Google' is clicked on

2020-02-17 15:01:17 - [TEST_STEP][PASSED] - setText(findTestObject("Object Repository/Test Simple Search/Page_Logg p  Google-kontoer/input_axiell.com_identifier"), "axiell.norge.quria@gmail.com"): Text 'axiell.norge.quria@gmail.com' is set on object 'Object Repository/Test Simple Search/Page_Logg p  Google-kontoer/input_axiell.com_identifier'

2020-02-17 15:01:21 - [MESSAGE][PASSED] - Text 'axiell.norge.quria@gmail.com' is set on object 'Object Repository/Test Simple Search/Page_Logg p  Google-kontoer/input_axiell.com_identifier'

2020-02-17 15:01:21 - [TEST_STEP][PASSED] - click(findTestObject("Object Repository/Test Simple Search/Page_Logg p  Google-kontoer/span_Neste")): Object: 'Object Repository/Test Simple Search/Page_Logg p  Google-kontoer/span_Neste' is clicked on

2020-02-17 15:01:24 - [MESSAGE][PASSED] - Object: 'Object Repository/Test Simple Search/Page_Logg p  Google-kontoer/span_Neste' is clicked on

2020-02-17 15:01:24 - [TEST_STEP][PASSED] - waitForElementVisible(findTestObject("Test Simple Search/Page_Logg p  Google-kontoer/input_For mange mislykkede for"), 30): Object 'Object Repository/Test Simple Search/Page_Logg p  Google-kontoer/input_For mange mislykkede for' is visible

2020-02-17 15:01:26 - [MESSAGE][PASSED] - Object 'Object Repository/Test Simple Search/Page_Logg p  Google-kontoer/input_For mange mislykkede for' is visible

2020-02-17 15:01:26 - [TEST_STEP][PASSED] - setEncryptedText(findTestObject("Object Repository/Test Simple Search/Page_Logg p  Google-kontoer/input_For mange mislykkede for"), "d097ITWPO7f2v9EptRJGCg=="): Text ****** has been set on object 'Object Repository/Test Simple Search/Page_Logg p  Google-kontoer/input_For mange mislykkede for'

2020-02-17 15:01:29 - [MESSAGE][PASSED] - Text ****** has been set on object 'Object Repository/Test Simple Search/Page_Logg p  Google-kontoer/input_For mange mislykkede for'

2020-02-17 15:01:29 - [TEST_STEP][PASSED] - click(findTestObject("Test Simple Search/Page_Logg p  Google-kontoer/div_Neste")): Object: 'Object Repository/Test Simple Search/Page_Logg p  Google-kontoer/div_Neste' is clicked on

2020-02-17 15:01:31 - [MESSAGE][PASSED] - Object: 'Object Repository/Test Simple Search/Page_Logg p  Google-kontoer/div_Neste' is clicked on

2020-02-17 15:01:31 - [TEST_STEP][PASSED] - click(findTestObject("Object Repository/Test Simple Search/Page_nightlyno - Axiell Quria/md-icon")): Object: 'Object Repository/Test Simple Search/Page_nightlyno - Axiell Quria/md-icon' is clicked on

2020-02-17 15:01:37 - [MESSAGE][PASSED] - Object: 'Object Repository/Test Simple Search/Page_nightlyno - Axiell Quria/md-icon' is clicked on

2020-02-17 15:01:37 - [TEST_STEP][PASSED] - setText(findTestObject("Object Repository/Test Simple Search/Page_nightlyno - Axiell Quria/input_Abonnementer_search-inpu"), "sub:romantikk"): Text 'sub:romantikk' is set on object 'Object Repository/Test Simple Search/Page_nightlyno - Axiell Quria/input_Abonnementer_search-inpu'

2020-02-17 15:01:41 - [MESSAGE][PASSED] - Text 'sub:romantikk' is set on object 'Object Repository/Test Simple Search/Page_nightlyno - Axiell Quria/input_Abonnementer_search-inpu'

2020-02-17 15:01:41 - [TEST_STEP][PASSED] - click(findTestObject("Object Repository/Test Simple Search/Page_nightlyno - Axiell Quria/md-icon_expand_more")): Object: 'Object Repository/Test Simple Search/Page_nightlyno - Axiell Quria/md-icon_expand_more' is clicked on

2020-02-17 15:01:43 - [MESSAGE][PASSED] - Object: 'Object Repository/Test Simple Search/Page_nightlyno - Axiell Quria/md-icon_expand_more' is clicked on

2020-02-17 15:01:43 - [TEST_STEP][PASSED] - waitForElementVisible(findTestObject("Test Simple Search/Page_nightlyno - Axiell Quria/a_exit_to_appLogg av"), 30): Object 'Object Repository/Test Simple Search/Page_nightlyno - Axiell Quria/a_exit_to_appLogg av' is visible

2020-02-17 15:01:45 - [MESSAGE][PASSED] - Object 'Object Repository/Test Simple Search/Page_nightlyno - Axiell Quria/a_exit_to_appLogg av' is visible

2020-02-17 15:01:45 - [TEST_STEP][PASSED] - click(findTestObject("Object Repository/Test Simple Search/Page_nightlyno - Axiell Quria/a_exit_to_appLogg av")): Object: 'Object Repository/Test Simple Search/Page_nightlyno - Axiell Quria/a_exit_to_appLogg av' is clicked on

2020-02-17 15:01:47 - [MESSAGE][PASSED] - Object: 'Object Repository/Test Simple Search/Page_nightlyno - Axiell Quria/a_exit_to_appLogg av' is clicked on

2020-02-17 15:01:47 - [TEST_STEP][PASSED] - closeBrowser(): Browser is closed

2020-02-17 15:01:49 - [MESSAGE][PASSED] - Browser is closed]]></system-out>
         <system-err><![CDATA[]]></system-err>
      </testcase>
      <system-out><![CDATA[2020-02-17 14:56:36 - [TEST_SUITE][PASSED] - Test Quria Advanced Search: Test Cases/Test Advanced Search Boolean Prefix sub]]></system-out>
      <system-err><![CDATA[]]></system-err>
   </testsuite>
</testsuites>
