<?xml version="1.0" encoding="UTF-8"?>
<testsuites name="Test Suite Quria Search Data Drive" time="51" tests="3" failures="0" errors="0">
   <testsuite name="Test Suite Quria Search Data Drive" tests="3" failures="0" errors="0" time="51" timestamp="2020-01-23 12:57:03" hostname="ignacio - BIBITS-IGNACIO2.bibsent.no" id="Test Suites/Test Suite Quria Search Data Drive">
      <properties>
         <property name="deviceName" value=""/>
         <property name="devicePlatform" value=""/>
         <property name="logFolder" value="C:\\Users\\ignacio\\Katalon Studio\\KatalonQuriaTest\\Reports\\Test Suite Quria Search Data Drive\\20200123_125700"/>
         <property name="logFiles" value="C:\\Users\\ignacio\\Katalon Studio\\KatalonQuriaTest\\Reports\\Test Suite Quria Search Data Drive\\20200123_125700\\execution0.log"/>
         <property name="attachments" value=""/>
         <property name="hostName" value="ignacio - BIBITS-IGNACIO2.bibsent.no"/>
         <property name="os" value="Windows 10 64bit"/>
         <property name="katalonVersion" value="5.10.0.1"/>
         <property name="browser" value="Chrome 79.0.3945.130"/>
         <property name="hostAddress" value="10.81.254.63"/>
         <property name="sessionId" value="d28ed318366ed02cf5091caaa39b183a"/>
         <property name="seleniumVersion" value="3.7.1"/>
         <property name="proxyInformation" value="ProxyInformation{proxyOption=NO_PROXY, proxyServerType=HTTP, password=, proxyServerAddress=, proxyServerPort=0}"/>
         <property name="platform" value="Windows 10"/>
      </properties>
      <testcase name="Test Cases/Test Simple Search -DataDrive" classname="Test Cases/Test Simple Search -DataDrive" status="PASSED">
         <system-out><![CDATA[2020-01-23 12:57:03 - [TEST_CASE][PASSED] - Test Cases/Test Simple Search -DataDrive: Test Cases/Test Simple Search -DataDrive

2020-01-23 12:57:03 - [TEST_STEP][PASSED] - openBrowser(""): Browser is opened with url: ''

2020-01-23 12:57:04 - [MESSAGE][INFO] - Starting 'Chrome' driver

2020-01-23 12:57:04 - [MESSAGE][INFO] - Action delay is set to 0 seconds

2020-01-23 12:57:13 - [MESSAGE][PASSED] - Browser is opened with url: ''

2020-01-23 12:57:13 - [TEST_STEP][PASSED] - navigateToUrl("https://nightlyno.quriaint.axiell.com/frontend/e6577300-18cd-4938-95dc-8690d6b50505/public/index.html"): Navigate to 'https://nightlyno.quriaint.axiell.com/frontend/e6577300-18cd-4938-95dc-8690d6b50505/public/index.html' successfully

2020-01-23 12:57:13 - [MESSAGE][PASSED] - Navigate to 'https://nightlyno.quriaint.axiell.com/frontend/e6577300-18cd-4938-95dc-8690d6b50505/public/index.html' successfully

2020-01-23 12:57:13 - [TEST_STEP][PASSED] - click(findTestObject("Object Repository/Test Simple Search/Page_Axiell Quria/a_Sign in with Google")): Object: 'Object Repository/Test Simple Search/Page_Axiell Quria/a_Sign in with Google' is clicked on

2020-01-23 12:57:14 - [MESSAGE][PASSED] - Object: 'Object Repository/Test Simple Search/Page_Axiell Quria/a_Sign in with Google' is clicked on

2020-01-23 12:57:14 - [TEST_STEP][PASSED] - setText(findTestObject("Object Repository/Test Simple Search/Page_Logg p  Google-kontoer/input_axiell.com_identifier"), "axiell.norge.quria@gmail.com"): Text 'axiell.norge.quria@gmail.com' is set on object 'Object Repository/Test Simple Search/Page_Logg p  Google-kontoer/input_axiell.com_identifier'

2020-01-23 12:57:15 - [MESSAGE][PASSED] - Text 'axiell.norge.quria@gmail.com' is set on object 'Object Repository/Test Simple Search/Page_Logg p  Google-kontoer/input_axiell.com_identifier'

2020-01-23 12:57:15 - [TEST_STEP][PASSED] - click(findTestObject("Object Repository/Test Simple Search/Page_Logg p  Google-kontoer/span_Neste")): Object: 'Object Repository/Test Simple Search/Page_Logg p  Google-kontoer/span_Neste' is clicked on

2020-01-23 12:57:16 - [MESSAGE][PASSED] - Object: 'Object Repository/Test Simple Search/Page_Logg p  Google-kontoer/span_Neste' is clicked on

2020-01-23 12:57:16 - [TEST_STEP][PASSED] - waitForElementVisible(findTestObject("Test Simple Search/Page_Logg p  Google-kontoer/input_For mange mislykkede for"), 30): Object 'Object Repository/Test Simple Search/Page_Logg p  Google-kontoer/input_For mange mislykkede for' is visible

2020-01-23 12:57:16 - [MESSAGE][PASSED] - Object 'Object Repository/Test Simple Search/Page_Logg p  Google-kontoer/input_For mange mislykkede for' is visible

2020-01-23 12:57:16 - [TEST_STEP][PASSED] - setEncryptedText(findTestObject("Object Repository/Test Simple Search/Page_Logg p  Google-kontoer/input_For mange mislykkede for"), "d097ITWPO7f2v9EptRJGCg=="): Text ****** has been set on object 'Object Repository/Test Simple Search/Page_Logg p  Google-kontoer/input_For mange mislykkede for'

2020-01-23 12:57:16 - [MESSAGE][PASSED] - Text ****** has been set on object 'Object Repository/Test Simple Search/Page_Logg p  Google-kontoer/input_For mange mislykkede for'

2020-01-23 12:57:16 - [TEST_STEP][PASSED] - click(findTestObject("Test Simple Search/Page_Logg p  Google-kontoer/div_Neste")): Object: 'Object Repository/Test Simple Search/Page_Logg p  Google-kontoer/div_Neste' is clicked on

2020-01-23 12:57:17 - [MESSAGE][PASSED] - Object: 'Object Repository/Test Simple Search/Page_Logg p  Google-kontoer/div_Neste' is clicked on

2020-01-23 12:57:17 - [TEST_STEP][PASSED] - click(findTestObject("Object Repository/Test Simple Search/Page_nightlyno - Axiell Quria/md-icon")): Object: 'Object Repository/Test Simple Search/Page_nightlyno - Axiell Quria/md-icon' is clicked on

2020-01-23 12:57:20 - [MESSAGE][PASSED] - Object: 'Object Repository/Test Simple Search/Page_nightlyno - Axiell Quria/md-icon' is clicked on

2020-01-23 12:57:20 - [TEST_STEP][PASSED] - setText(findTestObject("Object Repository/Test Simple Search/Page_nightlyno - Axiell Quria/input_Abonnementer_search-inpu"), searchterm): Text 'Cervantes' is set on object 'Object Repository/Test Simple Search/Page_nightlyno - Axiell Quria/input_Abonnementer_search-inpu'

2020-01-23 12:57:21 - [MESSAGE][PASSED] - Text 'Cervantes' is set on object 'Object Repository/Test Simple Search/Page_nightlyno - Axiell Quria/input_Abonnementer_search-inpu'

2020-01-23 12:57:21 - [TEST_STEP][PASSED] - click(findTestObject("Object Repository/Test Simple Search/Page_nightlyno - Axiell Quria/md-icon_expand_more")): Object: 'Object Repository/Test Simple Search/Page_nightlyno - Axiell Quria/md-icon_expand_more' is clicked on

2020-01-23 12:57:21 - [MESSAGE][PASSED] - Object: 'Object Repository/Test Simple Search/Page_nightlyno - Axiell Quria/md-icon_expand_more' is clicked on

2020-01-23 12:57:21 - [TEST_STEP][PASSED] - waitForElementVisible(findTestObject("Test Simple Search/Page_nightlyno - Axiell Quria/a_exit_to_appLogg av"), 30): Object 'Object Repository/Test Simple Search/Page_nightlyno - Axiell Quria/a_exit_to_appLogg av' is visible

2020-01-23 12:57:22 - [MESSAGE][PASSED] - Object 'Object Repository/Test Simple Search/Page_nightlyno - Axiell Quria/a_exit_to_appLogg av' is visible

2020-01-23 12:57:22 - [TEST_STEP][PASSED] - click(findTestObject("Object Repository/Test Simple Search/Page_nightlyno - Axiell Quria/a_exit_to_appLogg av")): Object: 'Object Repository/Test Simple Search/Page_nightlyno - Axiell Quria/a_exit_to_appLogg av' is clicked on

2020-01-23 12:57:22 - [MESSAGE][PASSED] - Object: 'Object Repository/Test Simple Search/Page_nightlyno - Axiell Quria/a_exit_to_appLogg av' is clicked on

2020-01-23 12:57:22 - [TEST_STEP][PASSED] - closeBrowser(): Browser is closed

2020-01-23 12:57:23 - [MESSAGE][PASSED] - Browser is closed]]></system-out>
         <system-err><![CDATA[]]></system-err>
      </testcase>
      <testcase name="Test Cases/Test Simple Search -DataDrive" classname="Test Cases/Test Simple Search -DataDrive" status="PASSED">
         <system-out><![CDATA[2020-01-23 12:57:23 - [TEST_CASE][PASSED] - Test Cases/Test Simple Search -DataDrive: Test Cases/Test Simple Search -DataDrive

2020-01-23 12:57:23 - [TEST_STEP][PASSED] - openBrowser(""): Browser is opened with url: ''

2020-01-23 12:57:23 - [MESSAGE][INFO] - Starting 'Chrome' driver

2020-01-23 12:57:28 - [MESSAGE][PASSED] - Browser is opened with url: ''

2020-01-23 12:57:28 - [TEST_STEP][PASSED] - navigateToUrl("https://nightlyno.quriaint.axiell.com/frontend/e6577300-18cd-4938-95dc-8690d6b50505/public/index.html"): Navigate to 'https://nightlyno.quriaint.axiell.com/frontend/e6577300-18cd-4938-95dc-8690d6b50505/public/index.html' successfully

2020-01-23 12:57:29 - [MESSAGE][PASSED] - Navigate to 'https://nightlyno.quriaint.axiell.com/frontend/e6577300-18cd-4938-95dc-8690d6b50505/public/index.html' successfully

2020-01-23 12:57:29 - [TEST_STEP][PASSED] - click(findTestObject("Object Repository/Test Simple Search/Page_Axiell Quria/a_Sign in with Google")): Object: 'Object Repository/Test Simple Search/Page_Axiell Quria/a_Sign in with Google' is clicked on

2020-01-23 12:57:29 - [MESSAGE][PASSED] - Object: 'Object Repository/Test Simple Search/Page_Axiell Quria/a_Sign in with Google' is clicked on

2020-01-23 12:57:29 - [TEST_STEP][PASSED] - setText(findTestObject("Object Repository/Test Simple Search/Page_Logg p  Google-kontoer/input_axiell.com_identifier"), "axiell.norge.quria@gmail.com"): Text 'axiell.norge.quria@gmail.com' is set on object 'Object Repository/Test Simple Search/Page_Logg p  Google-kontoer/input_axiell.com_identifier'

2020-01-23 12:57:31 - [MESSAGE][PASSED] - Text 'axiell.norge.quria@gmail.com' is set on object 'Object Repository/Test Simple Search/Page_Logg p  Google-kontoer/input_axiell.com_identifier'

2020-01-23 12:57:31 - [TEST_STEP][PASSED] - click(findTestObject("Object Repository/Test Simple Search/Page_Logg p  Google-kontoer/span_Neste")): Object: 'Object Repository/Test Simple Search/Page_Logg p  Google-kontoer/span_Neste' is clicked on

2020-01-23 12:57:31 - [MESSAGE][PASSED] - Object: 'Object Repository/Test Simple Search/Page_Logg p  Google-kontoer/span_Neste' is clicked on

2020-01-23 12:57:31 - [TEST_STEP][PASSED] - waitForElementVisible(findTestObject("Test Simple Search/Page_Logg p  Google-kontoer/input_For mange mislykkede for"), 30): Object 'Object Repository/Test Simple Search/Page_Logg p  Google-kontoer/input_For mange mislykkede for' is visible

2020-01-23 12:57:32 - [MESSAGE][PASSED] - Object 'Object Repository/Test Simple Search/Page_Logg p  Google-kontoer/input_For mange mislykkede for' is visible

2020-01-23 12:57:32 - [TEST_STEP][PASSED] - setEncryptedText(findTestObject("Object Repository/Test Simple Search/Page_Logg p  Google-kontoer/input_For mange mislykkede for"), "d097ITWPO7f2v9EptRJGCg=="): Text ****** has been set on object 'Object Repository/Test Simple Search/Page_Logg p  Google-kontoer/input_For mange mislykkede for'

2020-01-23 12:57:32 - [MESSAGE][PASSED] - Text ****** has been set on object 'Object Repository/Test Simple Search/Page_Logg p  Google-kontoer/input_For mange mislykkede for'

2020-01-23 12:57:32 - [TEST_STEP][PASSED] - click(findTestObject("Test Simple Search/Page_Logg p  Google-kontoer/div_Neste")): Object: 'Object Repository/Test Simple Search/Page_Logg p  Google-kontoer/div_Neste' is clicked on

2020-01-23 12:57:32 - [MESSAGE][PASSED] - Object: 'Object Repository/Test Simple Search/Page_Logg p  Google-kontoer/div_Neste' is clicked on

2020-01-23 12:57:32 - [TEST_STEP][PASSED] - click(findTestObject("Object Repository/Test Simple Search/Page_nightlyno - Axiell Quria/md-icon")): Object: 'Object Repository/Test Simple Search/Page_nightlyno - Axiell Quria/md-icon' is clicked on

2020-01-23 12:57:36 - [MESSAGE][PASSED] - Object: 'Object Repository/Test Simple Search/Page_nightlyno - Axiell Quria/md-icon' is clicked on

2020-01-23 12:57:36 - [TEST_STEP][PASSED] - setText(findTestObject("Object Repository/Test Simple Search/Page_nightlyno - Axiell Quria/input_Abonnementer_search-inpu"), searchterm): Text 'Ibsen' is set on object 'Object Repository/Test Simple Search/Page_nightlyno - Axiell Quria/input_Abonnementer_search-inpu'

2020-01-23 12:57:37 - [MESSAGE][PASSED] - Text 'Ibsen' is set on object 'Object Repository/Test Simple Search/Page_nightlyno - Axiell Quria/input_Abonnementer_search-inpu'

2020-01-23 12:57:37 - [TEST_STEP][PASSED] - click(findTestObject("Object Repository/Test Simple Search/Page_nightlyno - Axiell Quria/md-icon_expand_more")): Object: 'Object Repository/Test Simple Search/Page_nightlyno - Axiell Quria/md-icon_expand_more' is clicked on

2020-01-23 12:57:37 - [MESSAGE][PASSED] - Object: 'Object Repository/Test Simple Search/Page_nightlyno - Axiell Quria/md-icon_expand_more' is clicked on

2020-01-23 12:57:37 - [TEST_STEP][PASSED] - waitForElementVisible(findTestObject("Test Simple Search/Page_nightlyno - Axiell Quria/a_exit_to_appLogg av"), 30): Object 'Object Repository/Test Simple Search/Page_nightlyno - Axiell Quria/a_exit_to_appLogg av' is visible

2020-01-23 12:57:37 - [MESSAGE][PASSED] - Object 'Object Repository/Test Simple Search/Page_nightlyno - Axiell Quria/a_exit_to_appLogg av' is visible

2020-01-23 12:57:37 - [TEST_STEP][PASSED] - click(findTestObject("Object Repository/Test Simple Search/Page_nightlyno - Axiell Quria/a_exit_to_appLogg av")): Object: 'Object Repository/Test Simple Search/Page_nightlyno - Axiell Quria/a_exit_to_appLogg av' is clicked on

2020-01-23 12:57:37 - [MESSAGE][PASSED] - Object: 'Object Repository/Test Simple Search/Page_nightlyno - Axiell Quria/a_exit_to_appLogg av' is clicked on

2020-01-23 12:57:37 - [TEST_STEP][PASSED] - closeBrowser(): Browser is closed

2020-01-23 12:57:38 - [MESSAGE][PASSED] - Browser is closed]]></system-out>
         <system-err><![CDATA[]]></system-err>
      </testcase>
      <testcase name="Test Cases/Test Simple Search -DataDrive" classname="Test Cases/Test Simple Search -DataDrive" status="PASSED">
         <system-out><![CDATA[2020-01-23 12:57:38 - [TEST_CASE][PASSED] - Test Cases/Test Simple Search -DataDrive: Test Cases/Test Simple Search -DataDrive

2020-01-23 12:57:38 - [TEST_STEP][PASSED] - openBrowser(""): Browser is opened with url: ''

2020-01-23 12:57:38 - [MESSAGE][INFO] - Starting 'Chrome' driver

2020-01-23 12:57:44 - [MESSAGE][PASSED] - Browser is opened with url: ''

2020-01-23 12:57:44 - [TEST_STEP][PASSED] - navigateToUrl("https://nightlyno.quriaint.axiell.com/frontend/e6577300-18cd-4938-95dc-8690d6b50505/public/index.html"): Navigate to 'https://nightlyno.quriaint.axiell.com/frontend/e6577300-18cd-4938-95dc-8690d6b50505/public/index.html' successfully

2020-01-23 12:57:44 - [MESSAGE][PASSED] - Navigate to 'https://nightlyno.quriaint.axiell.com/frontend/e6577300-18cd-4938-95dc-8690d6b50505/public/index.html' successfully

2020-01-23 12:57:44 - [TEST_STEP][PASSED] - click(findTestObject("Object Repository/Test Simple Search/Page_Axiell Quria/a_Sign in with Google")): Object: 'Object Repository/Test Simple Search/Page_Axiell Quria/a_Sign in with Google' is clicked on

2020-01-23 12:57:45 - [MESSAGE][PASSED] - Object: 'Object Repository/Test Simple Search/Page_Axiell Quria/a_Sign in with Google' is clicked on

2020-01-23 12:57:45 - [TEST_STEP][PASSED] - setText(findTestObject("Object Repository/Test Simple Search/Page_Logg p  Google-kontoer/input_axiell.com_identifier"), "axiell.norge.quria@gmail.com"): Text 'axiell.norge.quria@gmail.com' is set on object 'Object Repository/Test Simple Search/Page_Logg p  Google-kontoer/input_axiell.com_identifier'

2020-01-23 12:57:47 - [MESSAGE][PASSED] - Text 'axiell.norge.quria@gmail.com' is set on object 'Object Repository/Test Simple Search/Page_Logg p  Google-kontoer/input_axiell.com_identifier'

2020-01-23 12:57:47 - [TEST_STEP][PASSED] - click(findTestObject("Object Repository/Test Simple Search/Page_Logg p  Google-kontoer/span_Neste")): Object: 'Object Repository/Test Simple Search/Page_Logg p  Google-kontoer/span_Neste' is clicked on

2020-01-23 12:57:47 - [MESSAGE][PASSED] - Object: 'Object Repository/Test Simple Search/Page_Logg p  Google-kontoer/span_Neste' is clicked on

2020-01-23 12:57:47 - [TEST_STEP][PASSED] - waitForElementVisible(findTestObject("Test Simple Search/Page_Logg p  Google-kontoer/input_For mange mislykkede for"), 30): Object 'Object Repository/Test Simple Search/Page_Logg p  Google-kontoer/input_For mange mislykkede for' is visible

2020-01-23 12:57:48 - [MESSAGE][PASSED] - Object 'Object Repository/Test Simple Search/Page_Logg p  Google-kontoer/input_For mange mislykkede for' is visible

2020-01-23 12:57:48 - [TEST_STEP][PASSED] - setEncryptedText(findTestObject("Object Repository/Test Simple Search/Page_Logg p  Google-kontoer/input_For mange mislykkede for"), "d097ITWPO7f2v9EptRJGCg=="): Text ****** has been set on object 'Object Repository/Test Simple Search/Page_Logg p  Google-kontoer/input_For mange mislykkede for'

2020-01-23 12:57:48 - [MESSAGE][PASSED] - Text ****** has been set on object 'Object Repository/Test Simple Search/Page_Logg p  Google-kontoer/input_For mange mislykkede for'

2020-01-23 12:57:48 - [TEST_STEP][PASSED] - click(findTestObject("Test Simple Search/Page_Logg p  Google-kontoer/div_Neste")): Object: 'Object Repository/Test Simple Search/Page_Logg p  Google-kontoer/div_Neste' is clicked on

2020-01-23 12:57:48 - [MESSAGE][PASSED] - Object: 'Object Repository/Test Simple Search/Page_Logg p  Google-kontoer/div_Neste' is clicked on

2020-01-23 12:57:48 - [TEST_STEP][PASSED] - click(findTestObject("Object Repository/Test Simple Search/Page_nightlyno - Axiell Quria/md-icon")): Object: 'Object Repository/Test Simple Search/Page_nightlyno - Axiell Quria/md-icon' is clicked on

2020-01-23 12:57:52 - [MESSAGE][PASSED] - Object: 'Object Repository/Test Simple Search/Page_nightlyno - Axiell Quria/md-icon' is clicked on

2020-01-23 12:57:52 - [TEST_STEP][PASSED] - setText(findTestObject("Object Repository/Test Simple Search/Page_nightlyno - Axiell Quria/input_Abonnementer_search-inpu"), searchterm): Text 'Stieg Larsson' is set on object 'Object Repository/Test Simple Search/Page_nightlyno - Axiell Quria/input_Abonnementer_search-inpu'

2020-01-23 12:57:53 - [MESSAGE][PASSED] - Text 'Stieg Larsson' is set on object 'Object Repository/Test Simple Search/Page_nightlyno - Axiell Quria/input_Abonnementer_search-inpu'

2020-01-23 12:57:53 - [TEST_STEP][PASSED] - click(findTestObject("Object Repository/Test Simple Search/Page_nightlyno - Axiell Quria/md-icon_expand_more")): Object: 'Object Repository/Test Simple Search/Page_nightlyno - Axiell Quria/md-icon_expand_more' is clicked on

2020-01-23 12:57:53 - [MESSAGE][PASSED] - Object: 'Object Repository/Test Simple Search/Page_nightlyno - Axiell Quria/md-icon_expand_more' is clicked on

2020-01-23 12:57:53 - [TEST_STEP][PASSED] - waitForElementVisible(findTestObject("Test Simple Search/Page_nightlyno - Axiell Quria/a_exit_to_appLogg av"), 30): Object 'Object Repository/Test Simple Search/Page_nightlyno - Axiell Quria/a_exit_to_appLogg av' is visible

2020-01-23 12:57:53 - [MESSAGE][PASSED] - Object 'Object Repository/Test Simple Search/Page_nightlyno - Axiell Quria/a_exit_to_appLogg av' is visible

2020-01-23 12:57:53 - [TEST_STEP][PASSED] - click(findTestObject("Object Repository/Test Simple Search/Page_nightlyno - Axiell Quria/a_exit_to_appLogg av")): Object: 'Object Repository/Test Simple Search/Page_nightlyno - Axiell Quria/a_exit_to_appLogg av' is clicked on

2020-01-23 12:57:53 - [MESSAGE][PASSED] - Object: 'Object Repository/Test Simple Search/Page_nightlyno - Axiell Quria/a_exit_to_appLogg av' is clicked on

2020-01-23 12:57:54 - [TEST_STEP][PASSED] - closeBrowser(): Browser is closed

2020-01-23 12:57:54 - [MESSAGE][PASSED] - Browser is closed]]></system-out>
         <system-err><![CDATA[]]></system-err>
      </testcase>
      <system-out><![CDATA[2020-01-23 12:57:03 - [TEST_SUITE][PASSED] - Test Suite Quria Search Data Drive: Test Cases/Test Simple Search -DataDrive]]></system-out>
      <system-err><![CDATA[]]></system-err>
   </testsuite>
</testsuites>
