<?xml version="1.0" encoding="UTF-8"?>
<testsuites name="Test Quria Advanced Search" time="48" tests="1" failures="0" errors="0">
   <testsuite name="Test Quria Advanced Search" tests="1" failures="0" errors="0" time="48" timestamp="2020-02-17 13:50:43" hostname="ignacio - BIBITS-IGNACIO2.bibsent.no" id="Test Suites/Test Quria Advanced Search">
      <properties>
         <property name="deviceName" value=""/>
         <property name="devicePlatform" value=""/>
         <property name="logFolder" value="C:\\Users\\ignacio\\Katalon Studio\\KatalonQuriaTest\\Reports\\Test Quria Advanced Search\\20200217_135040"/>
         <property name="logFiles" value="C:\\Users\\ignacio\\Katalon Studio\\KatalonQuriaTest\\Reports\\Test Quria Advanced Search\\20200217_135040\\execution0.log"/>
         <property name="attachments" value=""/>
         <property name="hostName" value="ignacio - BIBITS-IGNACIO2.bibsent.no"/>
         <property name="os" value="Windows 10 64bit"/>
         <property name="katalonVersion" value="5.10.0.1"/>
         <property name="browser" value="Chrome 79.0.3945.130"/>
         <property name="hostAddress" value="10.81.254.98"/>
         <property name="sessionId" value="5f432e558cb6222d101d0e4e2c774138"/>
         <property name="seleniumVersion" value="3.7.1"/>
         <property name="proxyInformation" value="ProxyInformation{proxyOption=NO_PROXY, proxyServerType=HTTP, password=, proxyServerAddress=, proxyServerPort=0}"/>
         <property name="platform" value="Windows 10"/>
      </properties>
      <testcase name="Test Cases/Test Advanced Search Boolean NOT" classname="Test Cases/Test Advanced Search Boolean NOT" status="PASSED">
         <system-out><![CDATA[2020-02-17 13:50:43 - [TEST_CASE][PASSED] - Test Cases/Test Advanced Search Boolean NOT: Test Cases/Test Advanced Search Boolean NOT

2020-02-17 13:50:44 - [TEST_STEP][PASSED] - openBrowser(""): Browser is opened with url: ''

2020-02-17 13:50:44 - [MESSAGE][INFO] - Starting 'Chrome' driver

2020-02-17 13:50:44 - [MESSAGE][INFO] - Action delay is set to 1 seconds

2020-02-17 13:50:55 - [MESSAGE][PASSED] - Browser is opened with url: ''

2020-02-17 13:50:55 - [TEST_STEP][PASSED] - navigateToUrl("https://nightlyno.quriaint.axiell.com/frontend/e6577300-18cd-4938-95dc-8690d6b50505/public/index.html"): Navigate to 'https://nightlyno.quriaint.axiell.com/frontend/e6577300-18cd-4938-95dc-8690d6b50505/public/index.html' successfully

2020-02-17 13:50:57 - [MESSAGE][PASSED] - Navigate to 'https://nightlyno.quriaint.axiell.com/frontend/e6577300-18cd-4938-95dc-8690d6b50505/public/index.html' successfully

2020-02-17 13:50:57 - [TEST_STEP][PASSED] - click(findTestObject("Object Repository/Test Simple Search/Page_Axiell Quria/a_Sign in with Google")): Object: 'Object Repository/Test Simple Search/Page_Axiell Quria/a_Sign in with Google' is clicked on

2020-02-17 13:50:59 - [MESSAGE][PASSED] - Object: 'Object Repository/Test Simple Search/Page_Axiell Quria/a_Sign in with Google' is clicked on

2020-02-17 13:50:59 - [TEST_STEP][PASSED] - setText(findTestObject("Object Repository/Test Simple Search/Page_Logg p  Google-kontoer/input_axiell.com_identifier"), "axiell.norge.quria@gmail.com"): Text 'axiell.norge.quria@gmail.com' is set on object 'Object Repository/Test Simple Search/Page_Logg p  Google-kontoer/input_axiell.com_identifier'

2020-02-17 13:51:04 - [MESSAGE][PASSED] - Text 'axiell.norge.quria@gmail.com' is set on object 'Object Repository/Test Simple Search/Page_Logg p  Google-kontoer/input_axiell.com_identifier'

2020-02-17 13:51:04 - [TEST_STEP][PASSED] - click(findTestObject("Object Repository/Test Simple Search/Page_Logg p  Google-kontoer/span_Neste")): Object: 'Object Repository/Test Simple Search/Page_Logg p  Google-kontoer/span_Neste' is clicked on

2020-02-17 13:51:06 - [MESSAGE][PASSED] - Object: 'Object Repository/Test Simple Search/Page_Logg p  Google-kontoer/span_Neste' is clicked on

2020-02-17 13:51:06 - [TEST_STEP][PASSED] - waitForElementVisible(findTestObject("Test Simple Search/Page_Logg p  Google-kontoer/input_For mange mislykkede for"), 30): Object 'Object Repository/Test Simple Search/Page_Logg p  Google-kontoer/input_For mange mislykkede for' is visible

2020-02-17 13:51:08 - [MESSAGE][PASSED] - Object 'Object Repository/Test Simple Search/Page_Logg p  Google-kontoer/input_For mange mislykkede for' is visible

2020-02-17 13:51:08 - [TEST_STEP][PASSED] - setEncryptedText(findTestObject("Object Repository/Test Simple Search/Page_Logg p  Google-kontoer/input_For mange mislykkede for"), "d097ITWPO7f2v9EptRJGCg=="): Text ****** has been set on object 'Object Repository/Test Simple Search/Page_Logg p  Google-kontoer/input_For mange mislykkede for'

2020-02-17 13:51:11 - [MESSAGE][PASSED] - Text ****** has been set on object 'Object Repository/Test Simple Search/Page_Logg p  Google-kontoer/input_For mange mislykkede for'

2020-02-17 13:51:11 - [TEST_STEP][PASSED] - click(findTestObject("Test Simple Search/Page_Logg p  Google-kontoer/div_Neste")): Object: 'Object Repository/Test Simple Search/Page_Logg p  Google-kontoer/div_Neste' is clicked on

2020-02-17 13:51:13 - [MESSAGE][PASSED] - Object: 'Object Repository/Test Simple Search/Page_Logg p  Google-kontoer/div_Neste' is clicked on

2020-02-17 13:51:13 - [TEST_STEP][PASSED] - click(findTestObject("Object Repository/Test Simple Search/Page_nightlyno - Axiell Quria/md-icon")): Object: 'Object Repository/Test Simple Search/Page_nightlyno - Axiell Quria/md-icon' is clicked on

2020-02-17 13:51:19 - [MESSAGE][PASSED] - Object: 'Object Repository/Test Simple Search/Page_nightlyno - Axiell Quria/md-icon' is clicked on

2020-02-17 13:51:19 - [TEST_STEP][PASSED] - setText(findTestObject("Object Repository/Test Simple Search/Page_nightlyno - Axiell Quria/input_Abonnementer_search-inpu"), "sub:romantikk NOT cre:boge"): Text 'sub:romantikk NOT cre:boge' is set on object 'Object Repository/Test Simple Search/Page_nightlyno - Axiell Quria/input_Abonnementer_search-inpu'

2020-02-17 13:51:23 - [MESSAGE][PASSED] - Text 'sub:romantikk NOT cre:boge' is set on object 'Object Repository/Test Simple Search/Page_nightlyno - Axiell Quria/input_Abonnementer_search-inpu'

2020-02-17 13:51:23 - [TEST_STEP][PASSED] - click(findTestObject("Object Repository/Test Simple Search/Page_nightlyno - Axiell Quria/md-icon_expand_more")): Object: 'Object Repository/Test Simple Search/Page_nightlyno - Axiell Quria/md-icon_expand_more' is clicked on

2020-02-17 13:51:25 - [MESSAGE][PASSED] - Object: 'Object Repository/Test Simple Search/Page_nightlyno - Axiell Quria/md-icon_expand_more' is clicked on

2020-02-17 13:51:25 - [TEST_STEP][PASSED] - waitForElementVisible(findTestObject("Test Simple Search/Page_nightlyno - Axiell Quria/a_exit_to_appLogg av"), 30): Object 'Object Repository/Test Simple Search/Page_nightlyno - Axiell Quria/a_exit_to_appLogg av' is visible

2020-02-17 13:51:28 - [MESSAGE][PASSED] - Object 'Object Repository/Test Simple Search/Page_nightlyno - Axiell Quria/a_exit_to_appLogg av' is visible

2020-02-17 13:51:28 - [TEST_STEP][PASSED] - click(findTestObject("Object Repository/Test Simple Search/Page_nightlyno - Axiell Quria/a_exit_to_appLogg av")): Object: 'Object Repository/Test Simple Search/Page_nightlyno - Axiell Quria/a_exit_to_appLogg av' is clicked on

2020-02-17 13:51:30 - [MESSAGE][PASSED] - Object: 'Object Repository/Test Simple Search/Page_nightlyno - Axiell Quria/a_exit_to_appLogg av' is clicked on

2020-02-17 13:51:30 - [TEST_STEP][PASSED] - closeBrowser(): Browser is closed

2020-02-17 13:51:31 - [MESSAGE][PASSED] - Browser is closed]]></system-out>
         <system-err><![CDATA[]]></system-err>
      </testcase>
      <system-out><![CDATA[2020-02-17 13:50:43 - [TEST_SUITE][PASSED] - Test Quria Advanced Search: Test Cases/Test Advanced Search Boolean NOT]]></system-out>
      <system-err><![CDATA[]]></system-err>
   </testsuite>
</testsuites>
